Removed Pin From Net: NetName=E11 Pin=R27-5
Removed Pin From Net: NetName=E15 Pin=R28-5
Removed Pin From Net: NetName=E14 Pin=R28-6
Removed Pin From Net: NetName=A1 Pin=U1-35
Removed Pin From Net: NetName=A1 Pin=U2-14
Removed Member From Class: ClassName=DD[0..8] Member=DD7
Removed Member From Class: ClassName=DD[0..8] Member=DD8
Removed Member From Class: ClassName=AA[0..6] Member=E0
Removed Member From Class: ClassName=AA[0..6] Member=E1
Removed Member From Class: ClassName=AA[0..6] Member=E2
Removed Member From Class: ClassName=AA[0..6] Member=E3
Removed Member From Class: ClassName=AA[0..6] Member=E4
Removed Member From Class: ClassName=AA[0..6] Member=E5
Removed Member From Class: ClassName=AA[0..6] Member=E6
Removed Member From Class: ClassName=G[0..15] Member=E10
Added Pin To Net: NetName=E11 Pin=R27-5
Added Pin To Net: NetName=E15 Pin=R28-5
Added Pin To Net: NetName=E14 Pin=R28-6
Added Pin To Net: NetName=A1 Pin=U1-35
Added Pin To Net: NetName=A1 Pin=U2-14
Change Net Name : Old Net Name=CC7 New Net Name=CC0
Change Net Name : Old Net Name=CC8 New Net Name=CC1
Change Net Name : Old Net Name=CC9 New Net Name=CC2
Change Net Name : Old Net Name=CC10 New Net Name=CC3
Change Net Name : Old Net Name=CC11 New Net Name=CC4
Change Net Name : Old Net Name=CC12 New Net Name=CC5
Change Net Name : Old Net Name=CC13 New Net Name=CC6
Change Net Name : Old Net Name=DD2 New Net Name=DD0
Change Net Name : Old Net Name=DD3 New Net Name=DD1
Change Net Name : Old Net Name=DD4 New Net Name=DD2
Change Net Name : Old Net Name=DD6 New Net Name=DD4
Change Net Name : Old Net Name=DD7 New Net Name=DD5
Change Net Name : Old Net Name=DD8 New Net Name=DD6
Change Class Name : Old Net Name=AA[0..6] New Net Name=CC[0..6]
Change Class Name : Old Net Name=DD[0..8] New Net Name=DD[0..6]
Added Member To Class: ClassName=CC[0..6] Member=Element[0]: CC
Added Member To Class: ClassName=CC[0..6] Member=Element[1]: CC
Added Member To Class: ClassName=CC[0..6] Member=Element[2]: CC
Added Member To Class: ClassName=CC[0..6] Member=Element[3]: CC
Added Member To Class: ClassName=CC[0..6] Member=Element[4]: CC
Added Member To Class: ClassName=CC[0..6] Member=Element[5]: CC
Added Member To Class: ClassName=CC[0..6] Member=Element[6]: CC
Added Member To Class: ClassName=DD[0..6] Member=Element[0]: DD
Added Member To Class: ClassName=DD[0..6] Member=Element[1]: DD
Added Member To Class: ClassName=DD[0..6] Member=Element[5]: DD
Added Member To Class: ClassName=G[0..15] Member=Element[9]: G
Added Room: Name=U_DGUS&串口打印机
Added Room: Name=U_EEPROM&FLASH
Added Room: Name=U_ETHNET
Added Room: Name=U_RS485_RS232
Added Room: Name=U_SD_Card
Added Room: Name=U_STM32最小系统
Added Room: Name=U_四路电压输入比较器
Added Room: Name=U_电机驱动&步进电机驱动
Added Room: Name=U_电源
Added Room: Name=U_继电器驱动输出
