Removed Pin From Net: NetName=D14 Pin=l3-3
Removed Pin From Net: NetName=D15 Pin=l3-4
Removed Pin From Net: NetName=D12 Pin=l3-5
Removed Pin From Net: NetName=D13 Pin=l3-6
Removed Pin From Net: NetName=B14 Pin=l4-3
Removed Pin From Net: NetName=B15 Pin=l4-4
Removed Pin From Net: NetName=D11 Pin=l4-5
Removed Pin From Net: NetName=D10 Pin=l4-6
Removed Pin From Net: NetName=E11 Pin=R27-5
Removed Pin From Net: NetName=E10 Pin=R27-6
Removed Pin From Net: NetName=E9 Pin=R27-7
Removed Pin From Net: NetName=E8 Pin=R27-8
Added Pin To Net: NetName=D12 Pin=l3-3
Added Pin To Net: NetName=D13 Pin=l3-4
Added Pin To Net: NetName=D14 Pin=l3-5
Added Pin To Net: NetName=D15 Pin=l3-6
Added Pin To Net: NetName=D10 Pin=l4-3
Added Pin To Net: NetName=D11 Pin=l4-4
Added Pin To Net: NetName=B14 Pin=l4-5
Added Pin To Net: NetName=B15 Pin=l4-6
Added Pin To Net: NetName=E8 Pin=R27-5
Added Pin To Net: NetName=E9 Pin=R27-6
Added Pin To Net: NetName=E10 Pin=R27-7
Added Pin To Net: NetName=E11 Pin=R27-8
