Removed Pin From Net: NetName=A1 Pin=U1-35
Removed Pin From Net: NetName=A1 Pin=U2-14
Added Pin To Net: NetName=G9 Pin=J4-6
Added Pin To Net: NetName=E9 Pin=R27-7
Added Pin To Net: NetName=E8 Pin=R27-8
Added Pin To Net: NetName=E13 Pin=R28-7
Added Pin To Net: NetName=E2 Pin=U1-1
Added Pin To Net: NetName=E4 Pin=U1-3
Added Pin To Net: NetName=E5 Pin=U1-4
Added Pin To Net: NetName=F0 Pin=U1-10
Added Pin To Net: NetName=F1 Pin=U1-11
Added Pin To Net: NetName=F3 Pin=U1-13
Added Pin To Net: NetName=F6 Pin=U1-18
Added Pin To Net: NetName=F7 Pin=U1-19
Added Pin To Net: NetName=F9 Pin=U1-21
Added Pin To Net: NetName=F10 Pin=U1-22
Added Pin To Net: NetName=A1 Pin=U1-35
Added Pin To Net: NetName=F12 Pin=U1-50
Added Pin To Net: NetName=E10 Pin=U1-63
Added Pin To Net: NetName=E12 Pin=U1-65
Added Pin To Net: NetName=G2 Pin=U1-87
Added Pin To Net: NetName=G3 Pin=U1-88
Added Pin To Net: NetName=G5 Pin=U1-90
Added Pin To Net: NetName=G6 Pin=U1-91
Added Pin To Net: NetName=G7 Pin=U1-92
Added Pin To Net: NetName=G11 Pin=U1-126
Added Pin To Net: NetName=A1 Pin=U2-14
Added Pin To Net: NetName=G13 Pin=U2-17
Added Pin To Net: NetName=G14 Pin=U2-18
Added Pin To Net: NetName=E0 Pin=U14-2
Added Pin To Net: NetName=E1 Pin=U14-3
Added Pin To Net: NetName=E3 Pin=U14-5
Added Pin To Net: NetName=E6 Pin=U14-8
Added Pin To Net: NetName=F8 Pin=U16-3
Added Pin To Net: NetName=F11 Pin=U16-6
Added Pin To Net: NetName=F13 Pin=U16-8
Added Pin To Net: NetName=F2 Pin=U17-4
Added Pin To Net: NetName=F4 Pin=U17-6
Added Pin To Net: NetName=F5 Pin=U17-7
Added Pin To Net: NetName=G4 Pin=U21-4
Added Pin To Net: NetName=G8 Pin=U21-8
