Removed Pin From Net: NetName=A2 Pin=R1-1
Removed Pin From Net: NetName=C5 Pin=U2-7
Removed Pin From Net: NetName=C4 Pin=U2-8
Added Pin To Net: NetName=A10 Pin=BOOT?-3
Added Pin To Net: NetName=A9 Pin=BOOT?-4
Added Pin To Net: NetName=A1 Pin=C49-1
Added Pin To Net: NetName=A1 Pin=C50-1
Added Pin To Net: NetName=A1 Pin=C51-1
Added Pin To Net: NetName=A1 Pin=C52-1
Added Pin To Net: NetName=A1 Pin=D15-1
Added Pin To Net: NetName=A1 Pin=D16-1
Added Pin To Net: NetName=A1 Pin=D17-1
Added Pin To Net: NetName=A1 Pin=D18-1
Added Pin To Net: NetName=A1 Pin=D23-1
Added Pin To Net: NetName=A1 Pin=D24-1
Added Pin To Net: NetName=A1 Pin=D25-1
Added Pin To Net: NetName=A1 Pin=D26-1
Added Pin To Net: NetName=B10 Pin=J4-4
Added Pin To Net: NetName=C6 Pin=J4-5
Added Pin To Net: NetName=A2 Pin=J4-6
Added Pin To Net: NetName=B11 Pin=J4-7
Added Pin To Net: NetName=B10 Pin=J5-3
Added Pin To Net: NetName=A1 Pin=Q1-2
Added Pin To Net: NetName=A1 Pin=Q2-2
Added Pin To Net: NetName=A1 Pin=Q3-2
Added Pin To Net: NetName=A1 Pin=Q4-2
Added Pin To Net: NetName=A2 Pin=R1-1
Added Pin To Net: NetName=C10 Pin=R15-1
Added Pin To Net: NetName=C11 Pin=R16-1
Added Pin To Net: NetName=D2 Pin=R17-1
Added Pin To Net: NetName=C8 Pin=R18-1
Added Pin To Net: NetName=C9 Pin=R19-1
Added Pin To Net: NetName=A8 Pin=R22-2
Added Pin To Net: NetName=B6 Pin=R24-1
Added Pin To Net: NetName=B7 Pin=R25-1
Added Pin To Net: NetName=D3 Pin=R27-5
Added Pin To Net: NetName=A7 Pin=R28-5
Added Pin To Net: NetName=C1 Pin=R28-6
Added Pin To Net: NetName=C4 Pin=R28-7
Added Pin To Net: NetName=C5 Pin=R28-8
Added Pin To Net: NetName=B14 Pin=R37-2
Added Pin To Net: NetName=B15 Pin=R38-2
Added Pin To Net: NetName=D11 Pin=R41-2
Added Pin To Net: NetName=D10 Pin=R42-2
Added Pin To Net: NetName=D8 Pin=R48-1
Added Pin To Net: NetName=D9 Pin=R49-1
Added Pin To Net: NetName=C11 Pin=SD_CARD?-1
Added Pin To Net: NetName=D2 Pin=SD_CARD?-2
Added Pin To Net: NetName=C12 Pin=SD_CARD?-5
Added Pin To Net: NetName=C8 Pin=SD_CARD?-7
Added Pin To Net: NetName=C9 Pin=SD_CARD?-8
Added Pin To Net: NetName=C10 Pin=SD_CARD?-9
Added Pin To Net: NetName=C1 Pin=U1-27
Added Pin To Net: NetName=A7 Pin=U1-43
Added Pin To Net: NetName=D3 Pin=U1-117
Added Pin To Net: NetName=C5 Pin=U2-7
Added Pin To Net: NetName=C4 Pin=U2-8
Added Pin To Net: NetName=A1 Pin=U2-14
Added Pin To Net: NetName=A8 Pin=U4-2
Added Pin To Net: NetName=A8 Pin=U4-3
Added Pin To Net: NetName=B14 Pin=U5-1
Added Pin To Net: NetName=B4 Pin=U5-2
Added Pin To Net: NetName=B5 Pin=U5-5
Added Pin To Net: NetName=B3 Pin=U5-6
Added Pin To Net: NetName=B7 Pin=U6-5
Added Pin To Net: NetName=B6 Pin=U6-6
Added Pin To Net: NetName=A1 Pin=U12-1
Added Pin To Net: NetName=D14 Pin=U12-6
Added Pin To Net: NetName=B15 Pin=U12-7
Added Pin To Net: NetName=A1 Pin=U12-8
Added Pin To Net: NetName=D15 Pin=U12-11
Added Pin To Net: NetName=B14 Pin=U12-12
Added Pin To Net: NetName=A1 Pin=U12-15
Added Pin To Net: NetName=A1 Pin=U13-1
Added Pin To Net: NetName=D12 Pin=U13-6
Added Pin To Net: NetName=D10 Pin=U13-7
Added Pin To Net: NetName=A1 Pin=U13-8
Added Pin To Net: NetName=D13 Pin=U13-11
Added Pin To Net: NetName=D11 Pin=U13-12
Added Pin To Net: NetName=A1 Pin=U13-15
Change Net Name : Old Net Name=A2 New Net Name=G9
Change Net Name : Old Net Name=A7 New Net Name=E15
Change Net Name : Old Net Name=C1 New Net Name=E14
Change Net Name : Old Net Name=C4 New Net Name=E13
Change Net Name : Old Net Name=C5 New Net Name=E12
Change Net Name : Old Net Name=D3 New Net Name=E11
Change Class Name : Old Net Name=PortE[0..15] New Net Name=E[0..15]
Change Class Name : Old Net Name=PortF[0..15] New Net Name=F[0..15]
Change Class Name : Old Net Name=PortG[0..15] New Net Name=G[0..15]
Added Class: Name=U_电源
Added Member To Class: ClassName=E[0..15] Member=Element[0]: E
Added Member To Class: ClassName=E[0..15] Member=Element[1]: E
Added Member To Class: ClassName=E[0..15] Member=Element[2]: E
Added Member To Class: ClassName=E[0..15] Member=Element[3]: E
Added Member To Class: ClassName=E[0..15] Member=Element[4]: E
Added Member To Class: ClassName=E[0..15] Member=Element[5]: E
Added Member To Class: ClassName=E[0..15] Member=Element[6]: E
Added Member To Class: ClassName=E[0..15] Member=Element[7]: E
Added Member To Class: ClassName=E[0..15] Member=Element[8]: E
Added Member To Class: ClassName=E[0..15] Member=Element[9]: E
Added Member To Class: ClassName=E[0..15] Member=Element[10]: E
Added Member To Class: ClassName=E[0..15] Member=Element[11]: E
Added Member To Class: ClassName=E[0..15] Member=Element[12]: E
Added Member To Class: ClassName=E[0..15] Member=Element[13]: E
Added Member To Class: ClassName=E[0..15] Member=Element[14]: E
Added Member To Class: ClassName=E[0..15] Member=Element[15]: E
Added Member To Class: ClassName=F[0..15] Member=Element[0]: F
Added Member To Class: ClassName=F[0..15] Member=Element[1]: F
Added Member To Class: ClassName=F[0..15] Member=Element[2]: F
Added Member To Class: ClassName=F[0..15] Member=Element[3]: F
Added Member To Class: ClassName=F[0..15] Member=Element[4]: F
Added Member To Class: ClassName=F[0..15] Member=Element[5]: F
Added Member To Class: ClassName=F[0..15] Member=Element[6]: F
Added Member To Class: ClassName=F[0..15] Member=Element[7]: F
Added Member To Class: ClassName=F[0..15] Member=Element[8]: F
Added Member To Class: ClassName=F[0..15] Member=Element[9]: F
Added Member To Class: ClassName=F[0..15] Member=Element[10]: F
Added Member To Class: ClassName=F[0..15] Member=Element[11]: F
Added Member To Class: ClassName=F[0..15] Member=Element[12]: F
Added Member To Class: ClassName=F[0..15] Member=Element[13]: F
Added Member To Class: ClassName=F[0..15] Member=Element[14]: F
Added Member To Class: ClassName=F[0..15] Member=Element[15]: F
Added Member To Class: ClassName=G[0..15] Member=Element[0]: G
Added Member To Class: ClassName=G[0..15] Member=Element[1]: G
Added Member To Class: ClassName=G[0..15] Member=Element[2]: G
Added Member To Class: ClassName=G[0..15] Member=Element[3]: G
Added Member To Class: ClassName=G[0..15] Member=Element[4]: G
Added Member To Class: ClassName=G[0..15] Member=Element[5]: G
Added Member To Class: ClassName=G[0..15] Member=Element[6]: G
Added Member To Class: ClassName=G[0..15] Member=Element[7]: G
Added Member To Class: ClassName=G[0..15] Member=Element[8]: G
Added Member To Class: ClassName=G[0..15] Member=Element[9]: G
Added Member To Class: ClassName=G[0..15] Member=Element[10]: G
Added Member To Class: ClassName=G[0..15] Member=Element[11]: G
Added Member To Class: ClassName=G[0..15] Member=Element[12]: G
Added Member To Class: ClassName=G[0..15] Member=Element[13]: G
Added Member To Class: ClassName=G[0..15] Member=Element[14]: G
Added Member To Class: ClassName=G[0..15] Member=Element[15]: G
Added Room: Name=U_DGUS&串口打印机
Added Room: Name=U_EEPROM&FLASH
Added Room: Name=U_ETHNET
Added Room: Name=U_RS485_RS232
Added Room: Name=U_SD_Card
Added Room: Name=U_STM32最小系统
Added Room: Name=U_四路电压输入比较器
Added Room: Name=U_电机驱动&步进电机驱动
Added Room: Name=U_电源
Added Room: Name=U_继电器驱动输出
