Added Component: Designator=J?(HDR1X5)
Add component. Clean all parameters for all variants
Add component (AddParameter): Name = "ComponentLink1Description"; Value = "供应商链接"; VariantName = "[No Variations]"
Add component (AddParameter): Name = "ComponentLink1URL"; Value = "http://www.szlcsc.com/product/details_58403.html"; VariantName = "[No Variations]"
Add component (AddParameter): Name = "Manufacturer"; Value = ""; VariantName = "[No Variations]"
Add component (AddParameter): Name = "price"; Value = "0.2"; VariantName = "[No Variations]"
Add component (AddParameter): Name = "Supplier"; Value = "LC"; VariantName = "[No Variations]"
Add component (AddParameter): Name = "SuppliersPartNumber"; Value = "C57369"; VariantName = "[No Variations]"
Added Pin To Net: NetName=PA11 Pin=J?-1
Added Net: Name=PA11
Added Pin To Net: NetName=PA12 Pin=J?-2
Added Net: Name=PA12
Added Pin To Net: NetName=PA13 Pin=J?-3
Added Net: Name=PA13
Added Pin To Net: NetName=PA14 Pin=J?-4
Added Net: Name=PA14
Added Pin To Net: NetName=PA15 Pin=J?-5
Added Net: Name=PA15
Added Class: Name=总图
Added Class: Name=PA[11..15]
