Added Component: Designator=SP+1(TP-1.5)
Add component. Clean all parameters for all variants
Added Component: Designator=SP+2(TP-1.5)
Add component. Clean all parameters for all variants
Added Component: Designator=SP+3(TP-1.5)
Add component. Clean all parameters for all variants
Added Component: Designator=SP+4(TP-1.5)
Add component. Clean all parameters for all variants
Added Component: Designator=SP+6(TP-1.5)
Add component. Clean all parameters for all variants
Added Component: Designator=SP+7(TP-1.5)
Add component. Clean all parameters for all variants
Added Component: Designator=SP+8(TP-1.5)
Add component. Clean all parameters for all variants
Added Component: Designator=SP+9(TP-1.5)
Add component. Clean all parameters for all variants
Added Pin To Net: NetName=12V Pin=SP+1-1
Added Pin To Net: NetName=5V Pin=SP+2-1
Added Pin To Net: NetName=3.3V Pin=SP+3-1
Added Pin To Net: NetName=GND Pin=SP+4-1
Added Pin To Net: NetName=NetR43_1 Pin=SP+6-1
Added Pin To Net: NetName=D8 Pin=SP+7-1
Added Pin To Net: NetName=NetR47_1 Pin=SP+8-1
Added Pin To Net: NetName=D9 Pin=SP+9-1
Added Pin To Net: NetName=OUTA6 Pin=U15-10
Added Pin To Net: NetName=OUTA5 Pin=U15-11
Added Pin To Net: NetName=OUTA4 Pin=U15-12
Added Pin To Net: NetName=OUTA3 Pin=U15-13
Added Pin To Net: NetName=OUTA2 Pin=U15-14
Added Pin To Net: NetName=OUTA1 Pin=U15-15
Added Pin To Net: NetName=OUTA0 Pin=U15-16
Added Member To Class: ClassName=U_电源 Member=Component SP+1 SPK+
Added Member To Class: ClassName=U_电源 Member=Component SP+2 SPK+
Added Member To Class: ClassName=U_电源 Member=Component SP+3 SPK+
Added Member To Class: ClassName=U_电源 Member=Component SP+4 SPK+
Added Member To Class: ClassName=U_四路电压输入比较器 Member=Component SP+6 SPK+
Added Member To Class: ClassName=U_四路电压输入比较器 Member=Component SP+7 SPK+
Added Member To Class: ClassName=U_四路电压输入比较器 Member=Component SP+8 SPK+
Added Member To Class: ClassName=U_四路电压输入比较器 Member=Component SP+9 SPK+
