Change Component Designator: Old Designator=D? New Designator=D41
Change Component Designator: Old Designator=D? New Designator=D42
Change Component Designator: Old Designator=D? New Designator=D43
Change Component Designator: Old Designator=D? New Designator=D44
Change Component Designator: Old Designator=D? New Designator=D45
Change Component Designator: Old Designator=D? New Designator=D46
Change Component Designator: Old Designator=D? New Designator=D47
Change Component Designator: Old Designator=D? New Designator=D48
Change Component Designator: Old Designator=D? New Designator=D49
Change Component Designator: Old Designator=D? New Designator=D50
Change Component Designator: Old Designator=D? New Designator=D51
Change Component Designator: Old Designator=D? New Designator=D52
Change Component Designator: Old Designator=D? New Designator=D53
Change Component Designator: Old Designator=D? New Designator=D54
Change Component Designator: Old Designator=D? New Designator=D55
Change Component Designator: Old Designator=D? New Designator=D56
Change Component Designator: Old Designator=D? New Designator=D57
Change Component Designator: Old Designator=D? New Designator=D58
Change Component Designator: Old Designator=D? New Designator=D59
Change Component Designator: Old Designator=D? New Designator=D60
Change Component Designator: Old Designator=D? New Designator=D61
Change Component Designator: Old Designator=D? New Designator=D62
Change Component Designator: Old Designator=D? New Designator=D63
Change Component Designator: Old Designator=D? New Designator=D64
Change Component Designator: Old Designator=D? New Designator=D65
Change Component Designator: Old Designator=D? New Designator=D66
Change Component Designator: Old Designator=D? New Designator=D67
Change Component Designator: Old Designator=D? New Designator=D68
Change Component Designator: Old Designator=D? New Designator=D69
Change Component Designator: Old Designator=D? New Designator=D70
Change Component Designator: Old Designator=D? New Designator=D71
Change Component Designator: Old Designator=D? New Designator=D72
Change Component Designator: Old Designator=D? New Designator=D73
Change Component Designator: Old Designator=D? New Designator=D74
Change Component Designator: Old Designator=D? New Designator=D75
Change Component Designator: Old Designator=D? New Designator=D76
Change Component Designator: Old Designator=D? New Designator=D77
Change Component Designator: Old Designator=D? New Designator=D78
Change Component Designator: Old Designator=D? New Designator=D79
Change Component Designator: Old Designator=D? New Designator=D80
Change Component Designator: Old Designator=D? New Designator=D81
Change Component Designator: Old Designator=D? New Designator=D82
Change Component Designator: Old Designator=J? New Designator=J19
Change Component Designator: Old Designator=J? New Designator=J20
Change Component Designator: Old Designator=J? New Designator=J21
Change Component Designator: Old Designator=J? New Designator=J22
Change Component Designator: Old Designator=J? New Designator=J23
Change Component Designator: Old Designator=J? New Designator=J24
Change Component Designator: Old Designator=J? New Designator=J25
Change Component Designator: Old Designator=J? New Designator=J26
Change Component Designator: Old Designator=J? New Designator=J27
Change Component Designator: Old Designator=J? New Designator=J28
Change Component Designator: Old Designator=J? New Designator=J29
Change Component Designator: Old Designator=J? New Designator=J30
Change Component Designator: Old Designator=J? New Designator=J31
Change Component Designator: Old Designator=J? New Designator=J32
Change Component Designator: Old Designator=J? New Designator=J33
Change Component Designator: Old Designator=J? New Designator=J34
Change Component Designator: Old Designator=J? New Designator=J35
Change Component Designator: Old Designator=J? New Designator=J36
Change Component Designator: Old Designator=J? New Designator=J37
Change Component Designator: Old Designator=J? New Designator=J38
Change Component Designator: Old Designator=J? New Designator=J39
Change Component Designator: Old Designator=K? New Designator=K8
Change Component Designator: Old Designator=K? New Designator=K9
Change Component Designator: Old Designator=K? New Designator=K10
Change Component Designator: Old Designator=K? New Designator=K11
Change Component Designator: Old Designator=K? New Designator=K12
Change Component Designator: Old Designator=K? New Designator=K13
Change Component Designator: Old Designator=K? New Designator=K14
Change Component Designator: Old Designator=K? New Designator=K15
Change Component Designator: Old Designator=K? New Designator=K16
Change Component Designator: Old Designator=K? New Designator=K17
Change Component Designator: Old Designator=K? New Designator=K18
Change Component Designator: Old Designator=K? New Designator=K19
Change Component Designator: Old Designator=K? New Designator=K20
Change Component Designator: Old Designator=K? New Designator=K21
Change Component Designator: Old Designator=K? New Designator=K22
Change Component Designator: Old Designator=K? New Designator=K23
Change Component Designator: Old Designator=K? New Designator=K24
Change Component Designator: Old Designator=K? New Designator=K25
Change Component Designator: Old Designator=K? New Designator=K26
Change Component Designator: Old Designator=K? New Designator=K27
Change Component Designator: Old Designator=K? New Designator=K28
Change Component Designator: Old Designator=R? New Designator=R63
Change Component Designator: Old Designator=R? New Designator=R64
Change Component Designator: Old Designator=R? New Designator=R65
Change Component Designator: Old Designator=R? New Designator=R66
Change Component Designator: Old Designator=R? New Designator=R67
Change Component Designator: Old Designator=R? New Designator=R68
Change Component Designator: Old Designator=R? New Designator=R69
Change Component Designator: Old Designator=R? New Designator=R70
Change Component Designator: Old Designator=R? New Designator=R71
Change Component Designator: Old Designator=R? New Designator=R72
Change Component Designator: Old Designator=R? New Designator=R73
Change Component Designator: Old Designator=R? New Designator=R74
Change Component Designator: Old Designator=R? New Designator=R75
Change Component Designator: Old Designator=R? New Designator=R76
Change Component Designator: Old Designator=R? New Designator=R77
Change Component Designator: Old Designator=R? New Designator=R78
Change Component Designator: Old Designator=R? New Designator=R79
Change Component Designator: Old Designator=R? New Designator=R80
Change Component Designator: Old Designator=R? New Designator=R81
Change Component Designator: Old Designator=R? New Designator=R82
Change Component Designator: Old Designator=R? New Designator=R83
Change Component Designator: Old Designator=U? New Designator=U16
Change Component Designator: Old Designator=U? New Designator=U17
Change Component Designator: Old Designator=U? New Designator=U18
Change Component Designator: Old Designator=U? New Designator=U19
Change Component Designator: Old Designator=U? New Designator=U21
Change Component Designator: Old Designator=U? New Designator=U22
