Removed Pin From Net: NetName=A11 Pin=J44-1
Removed Pin From Net: NetName=A12 Pin=J44-2
Removed Pin From Net: NetName=A3 Pin=J44-3
Removed Pin From Net: NetName=A4 Pin=J44-4
Removed Pin From Net: NetName=A15 Pin=J44-5
Change Component Footprint: Designator=J44 Old Footprint=HDR1X5 New Footprint=WJ500V-5.08-2
Change Component Comment : Designator=J44 Old Comment=5P New Comment=KF128-5.08MM-2P
Change component parameters: Designator = "J44"; Footprint = "WJ500V-5.08-2"; UniqueID = "\IDQWVFEN\MJUFBCIV"
Change component parameters. Clean all parameters for all variants
Change component parameters (AddParameter): Name = "ComponentLink1Description"; Value = "供应商链接"; VariantName = "[No Variations]"
Change component parameters (AddParameter): Name = "ComponentLink1URL"; Value = "https://detail.tmall.com/item.htm?spm=a1z10.5-b.w4011-14865958799.193.B0p41N&id=45905508377&rn=e90e7252b5175cd006380c5c01151190&abbucket=9"; VariantName = "[No Variations]"
Change component parameters (AddParameter): Name = "Manufacturer"; Value = ""; VariantName = "[No Variations]"
Change component parameters (AddParameter): Name = "price"; Value = "0.5"; VariantName = "[No Variations]"
Change component parameters (AddParameter): Name = "Supplier"; Value = "Farpu"; VariantName = "[No Variations]"
Change component parameters (AddParameter): Name = "SuppliersPartNumber"; Value = ""; VariantName = "[No Variations]"
Added Component: Designator=BZ1(BUZZER-D12.0X8.5-6.5-0.8)
Add component. Clean all parameters for all variants
Added Component: Designator=C63(0805_C)
Add component. Clean all parameters for all variants
Add component (AddParameter): Name = "ComponentLink1Description"; Value = "供应商链接"; VariantName = "[No Variations]"
Add component (AddParameter): Name = "ComponentLink1URL"; Value = "http://www.szlcsc.com/product/details_29074.html"; VariantName = "[No Variations]"
Add component (AddParameter): Name = "Package"; Value = "0805"; VariantName = "[No Variations]"
Add component (AddParameter): Name = "Supplier"; Value = "LC"; VariantName = "[No Variations]"
Add component (AddParameter): Name = "SuppliersPartNumber"; Value = "C28323"; VariantName = "[No Variations]"
Added Component: Designator=Q5(SOT-23(SOT-23-3))
Add component. Clean all parameters for all variants
Add component (AddParameter): Name = "ComponentLink1Description"; Value = "供应商链接"; VariantName = "[No Variations]"
Add component (AddParameter): Name = "ComponentLink1URL"; Value = "http://www.szlcsc.com/product/details_2507.html"; VariantName = "[No Variations]"
Add component (AddParameter): Name = "Package"; Value = "SOT-23"; VariantName = "[No Variations]"
Add component (AddParameter): Name = "Supplier"; Value = "LC"; VariantName = "[No Variations]"
Add component (AddParameter): Name = "SuppliersPartNumber"; Value = "C2150"; VariantName = "[No Variations]"
Added Component: Designator=R84(0805_R)
Add component. Clean all parameters for all variants
Add component (AddParameter): Name = "ComponentLink1Description"; Value = "供应商链接"; VariantName = "[No Variations]"
Add component (AddParameter): Name = "ComponentLink1URL"; Value = "http://www.szlcsc.com/product/details_18201.html"; VariantName = "[No Variations]"
Add component (AddParameter): Name = "Package"; Value = "0805"; VariantName = "[No Variations]"
Add component (AddParameter): Name = "Supplier"; Value = "LC"; VariantName = "[No Variations]"
Add component (AddParameter): Name = "SuppliersPartNumber"; Value = "C17513"; VariantName = "[No Variations]"
Added Component: Designator=R85(0805_R)
Add component. Clean all parameters for all variants
Add component (AddParameter): Name = "ComponentLink1Description"; Value = "供应商链接"; VariantName = "[No Variations]"
Add component (AddParameter): Name = "ComponentLink1URL"; Value = "http://www.szlcsc.com/product/details_18102.html"; VariantName = "[No Variations]"
Add component (AddParameter): Name = "Package"; Value = "0805"; VariantName = "[No Variations]"
Add component (AddParameter): Name = "Supplier"; Value = "LC"; VariantName = "[No Variations]"
Add component (AddParameter): Name = "SuppliersPartNumber"; Value = "C17414"; VariantName = "[No Variations]"
Added Component: Designator=R86(0805_R)
Add component. Clean all parameters for all variants
Add component (AddParameter): Name = "ComponentLink1Description"; Value = "供应商链接"; VariantName = "[No Variations]"
Add component (AddParameter): Name = "ComponentLink1URL"; Value = "http://www.szlcsc.com/product/details_18125.html"; VariantName = "[No Variations]"
Add component (AddParameter): Name = "Package"; Value = "0805"; VariantName = "[No Variations]"
Add component (AddParameter): Name = "Supplier"; Value = "LC"; VariantName = "[No Variations]"
Add component (AddParameter): Name = "SuppliersPartNumber"; Value = "C17437"; VariantName = "[No Variations]"
Added Component: Designator=U23(SOP-8)
Add component. Clean all parameters for all variants
Added Pin To Net: NetName=5V Pin=BZ1-1
Added Pin To Net: NetName=5V Pin=C63-1
Added Pin To Net: NetName=GND Pin=C63-2
Added Pin To Net: NetName=GND Pin=Q5-2
Added Pin To Net: NetName=A15 Pin=R84-1
Added Pin To Net: NetName=GND Pin=R85-1
Added Pin To Net: NetName=A12 Pin=U23-1
Added Pin To Net: NetName=GND Pin=U23-2
Added Pin To Net: NetName=5V Pin=U23-3
Added Pin To Net: NetName=A11 Pin=U23-4
Added Pin To Net: NetName=GND Pin=U23-8
Added Pin To Net: NetName=NetBZ1_2 Pin=BZ1-2
Added Pin To Net: NetName=NetBZ1_2 Pin=Q5-3
Added Net: Name=NetBZ1_2
Added Pin To Net: NetName=NetJ44_1 Pin=J44-1
Added Pin To Net: NetName=NetJ44_1 Pin=R86-2
Added Pin To Net: NetName=NetJ44_1 Pin=U23-7
Added Net: Name=NetJ44_1
Added Pin To Net: NetName=NetJ44_2 Pin=J44-2
Added Pin To Net: NetName=NetJ44_2 Pin=R86-1
Added Pin To Net: NetName=NetJ44_2 Pin=U23-6
Added Net: Name=NetJ44_2
Added Pin To Net: NetName=NetQ5_1 Pin=Q5-1
Added Pin To Net: NetName=NetQ5_1 Pin=R84-2
Added Pin To Net: NetName=NetQ5_1 Pin=R85-2
Added Net: Name=NetQ5_1
Change Class Name : Old Net Name=总图 New Net Name=U_BUZZ
Added Member To Class: ClassName=U_BUZZ Member=Component BZ1 BUZZER
Added Member To Class: ClassName=U_BUZZ Member=Component C63 1uF (105) 10% 50V
Added Member To Class: ClassName=U_BUZZ Member=Component Q5 SS8050 Y1
Added Member To Class: ClassName=U_BUZZ Member=Component R84 1KΩ (1001) ±1%
Added Member To Class: ClassName=U_BUZZ Member=Component R85 10KΩ (1002) ±1%
Added Member To Class: ClassName=U_BUZZ Member=Component R86 120Ω (1200) ±1%
Added Member To Class: ClassName=U_BUZZ Member=Component U23 TJA1050
