Removed Pin From Net: NetName=5V Pin=R91-1
Removed Pin From Net: NetName=5V Pin=R96-1
Removed Pin From Net: NetName=E0 Pin=U14-2
Removed Pin From Net: NetName=E1 Pin=U14-3
Removed Pin From Net: NetName=E2 Pin=U14-4
Removed Pin From Net: NetName=E3 Pin=U14-5
Removed Pin From Net: NetName=E4 Pin=U14-6
Removed Pin From Net: NetName=E5 Pin=U14-7
Removed Pin From Net: NetName=E6 Pin=U14-8
Removed Pin From Net: NetName=F0 Pin=U16-2
Removed Pin From Net: NetName=F1 Pin=U16-3
Removed Pin From Net: NetName=F2 Pin=U16-4
Removed Pin From Net: NetName=F3 Pin=U16-5
Removed Pin From Net: NetName=F4 Pin=U16-6
Removed Pin From Net: NetName=F5 Pin=U16-7
Removed Pin From Net: NetName=F6 Pin=U16-8
Added Pin To Net: NetName=12V Pin=R91-1
Added Pin To Net: NetName=12V Pin=R96-1
Added Pin To Net: NetName=F6 Pin=U14-2
Added Pin To Net: NetName=F5 Pin=U14-3
Added Pin To Net: NetName=F4 Pin=U14-4
Added Pin To Net: NetName=F3 Pin=U14-5
Added Pin To Net: NetName=F2 Pin=U14-6
Added Pin To Net: NetName=F1 Pin=U14-7
Added Pin To Net: NetName=F0 Pin=U14-8
Added Pin To Net: NetName=E0 Pin=U16-2
Added Pin To Net: NetName=E1 Pin=U16-3
Added Pin To Net: NetName=E2 Pin=U16-4
Added Pin To Net: NetName=E3 Pin=U16-5
Added Pin To Net: NetName=E4 Pin=U16-6
Added Pin To Net: NetName=E5 Pin=U16-7
Added Pin To Net: NetName=E6 Pin=U16-8
Added Class: Name=U_嫖勷怀&AD怀
Added Member To Class: ClassName=U_BUZZ Member=Component BZ1 BUZZER
Added Member To Class: ClassName=U_BUZZ Member=Component C63 1uF (105) 10% 50V
Added Member To Class: ClassName=U_BUZZ Member=Component J44 KF128-5.08MM-2P
Added Member To Class: ClassName=U_BUZZ Member=Component Q5 SS8050 Y1
Added Member To Class: ClassName=U_BUZZ Member=Component R84 1K次 (1001) ㊣1%
Added Member To Class: ClassName=U_BUZZ Member=Component R85 10K次 (1002) ㊣1%
Added Member To Class: ClassName=U_BUZZ Member=Component R86 120次 (1200) ㊣1%
Added Member To Class: ClassName=U_BUZZ Member=Component R87 1K次 (1001) ㊣1%
Added Member To Class: ClassName=U_BUZZ Member=Component U23 TJA1050
