Removed Pin From Net: NetName=NetR44_1 Pin=R48-2
Removed Pin From Net: NetName=NetR45_1 Pin=R49-2
Removed Pin From Net: NetName=NetR44_1 Pin=U20-1
Removed Pin From Net: NetName=NetR45_1 Pin=U20-7
Change Component Footprint: Designator=R51 Old Footprint=1608[0603] New Footprint=0805_R
Change Component Footprint: Designator=R52 Old Footprint=1608[0603] New Footprint=0805_R
Change Component Comment : Designator=R51 Old Comment=Res2 New Comment=2KΩ (2001) ±1%
Change Component Comment : Designator=R52 Old Comment=Res2 New Comment=2KΩ (2001) ±1%
Change component parameters: Designator = "R51"; Footprint = "0805_R"; UniqueID = "\IUOAIQQD\WHSFLMYA"
Change component parameters. Clean all parameters for all variants
Change component parameters (AddParameter): Name = "ComponentLink1Description"; Value = "供应商链接"; VariantName = "[No Variations]"
Change component parameters (AddParameter): Name = "ComponentLink1URL"; Value = "http://www.szlcsc.com/product/details_18292.html"; VariantName = "[No Variations]"
Change component parameters (AddParameter): Name = "Package"; Value = "0805"; VariantName = "[No Variations]"
Change component parameters (AddParameter): Name = "Supplier"; Value = "LC"; VariantName = "[No Variations]"
Change component parameters (AddParameter): Name = "SuppliersPartNumber"; Value = "C17604"; VariantName = "[No Variations]"
Change component parameters: Designator = "R52"; Footprint = "0805_R"; UniqueID = "\IUOAIQQD\FPSPKIJC"
Change component parameters. Clean all parameters for all variants
Change component parameters (AddParameter): Name = "ComponentLink1Description"; Value = "供应商链接"; VariantName = "[No Variations]"
Change component parameters (AddParameter): Name = "ComponentLink1URL"; Value = "http://www.szlcsc.com/product/details_18292.html"; VariantName = "[No Variations]"
Change component parameters (AddParameter): Name = "Package"; Value = "0805"; VariantName = "[No Variations]"
Change component parameters (AddParameter): Name = "Supplier"; Value = "LC"; VariantName = "[No Variations]"
Change component parameters (AddParameter): Name = "SuppliersPartNumber"; Value = "C17604"; VariantName = "[No Variations]"
Added Pin To Net: NetName=NetR45_1 Pin=R48-2
Added Pin To Net: NetName=NetR44_1 Pin=R49-2
Added Pin To Net: NetName=NetR45_1 Pin=U20-1
Added Pin To Net: NetName=NetR44_1 Pin=U20-7
