Removed Pin From Net: NetName=GND Pin=Rp1-1
Removed Pin From Net: NetName=GND Pin=Rp1-2
Removed Pin From Net: NetName=GND Pin=Rp1-3
Removed Pin From Net: NetName=GND Pin=Rp1-4
Removed Pin From Net: NetName=A3 Pin=Rp1-5
Removed Pin From Net: NetName=A2 Pin=Rp1-6
Removed Pin From Net: NetName=A1 Pin=Rp1-7
Removed Pin From Net: NetName=A0 Pin=Rp1-8
Removed Member From Class: ClassName=总图 Member=Rp1
Added Component: Designator=C?(0402_C)
Add component. Clean all parameters for all variants
Add component (AddParameter): Name = "ComponentLink1Description"; Value = "供应商链接"; VariantName = "[No Variations]"
Add component (AddParameter): Name = "ComponentLink1URL"; Value = "http://www.szlcsc.com/product/details_53938.html"; VariantName = "[No Variations]"
Add component (AddParameter): Name = "Package"; Value = "0402"; VariantName = "[No Variations]"
Add component (AddParameter): Name = "Supplier"; Value = "LC"; VariantName = "[No Variations]"
Add component (AddParameter): Name = "SuppliersPartNumber"; Value = "C52923"; VariantName = "[No Variations]"
Added Pin To Net: NetName=GND Pin=C?-1
Added Pin To Net: NetName=A15 Pin=C?-2
Added Pin To Net: NetName=A15 Pin=U1-110
Added Net: Name=A15
Change Class Name : Old Net Name=A[0..12] New Net Name=A[0..15]
Added Member To Class: ClassName=总图 Member=Component C? 1.0uF (105) 10% 25V
Added Member To Class: ClassName=A[0..15] Member=Element[0]: A
Added Member To Class: ClassName=A[0..15] Member=Element[1]: A
Added Member To Class: ClassName=A[0..15] Member=Element[2]: A
Added Member To Class: ClassName=A[0..15] Member=Element[3]: A
Added Member To Class: ClassName=A[0..15] Member=Element[15]: A
