Removed Pin From Net: NetName=A1 Pin=C49-1
Removed Pin From Net: NetName=A1 Pin=C50-1
Removed Pin From Net: NetName=A1 Pin=C51-1
Removed Pin From Net: NetName=A1 Pin=C52-1
Removed Pin From Net: NetName=A1 Pin=D15-1
Removed Pin From Net: NetName=A1 Pin=D16-1
Removed Pin From Net: NetName=A1 Pin=D17-1
Removed Pin From Net: NetName=A1 Pin=D18-1
Removed Pin From Net: NetName=A1 Pin=D23-1
Removed Pin From Net: NetName=A1 Pin=D24-1
Removed Pin From Net: NetName=A1 Pin=D25-1
Removed Pin From Net: NetName=A1 Pin=D26-1
Removed Pin From Net: NetName=A1 Pin=Q1-2
Removed Pin From Net: NetName=A1 Pin=Q2-2
Removed Pin From Net: NetName=A1 Pin=Q3-2
Removed Pin From Net: NetName=A1 Pin=Q4-2
Removed Pin From Net: NetName=A1 Pin=U12-1
Removed Pin From Net: NetName=A1 Pin=U12-8
Removed Pin From Net: NetName=A1 Pin=U12-15
Removed Pin From Net: NetName=A1 Pin=U13-1
Removed Pin From Net: NetName=A1 Pin=U13-8
Removed Pin From Net: NetName=A1 Pin=U13-15
Added Pin To Net: NetName=GND Pin=C49-1
Added Pin To Net: NetName=GND Pin=C50-1
Added Pin To Net: NetName=GND Pin=C51-1
Added Pin To Net: NetName=GND Pin=C52-1
Added Pin To Net: NetName=GND Pin=D15-1
Added Pin To Net: NetName=GND Pin=D16-1
Added Pin To Net: NetName=GND Pin=D17-1
Added Pin To Net: NetName=GND Pin=D18-1
Added Pin To Net: NetName=GND Pin=D23-1
Added Pin To Net: NetName=GND Pin=D24-1
Added Pin To Net: NetName=GND Pin=D25-1
Added Pin To Net: NetName=GND Pin=D26-1
Added Pin To Net: NetName=GND Pin=Q1-2
Added Pin To Net: NetName=GND Pin=Q2-2
Added Pin To Net: NetName=GND Pin=Q3-2
Added Pin To Net: NetName=GND Pin=Q4-2
Added Pin To Net: NetName=GND Pin=U12-1
Added Pin To Net: NetName=GND Pin=U12-8
Added Pin To Net: NetName=GND Pin=U12-15
Added Pin To Net: NetName=GND Pin=U13-1
Added Pin To Net: NetName=GND Pin=U13-8
Added Pin To Net: NetName=GND Pin=U13-15
Added Member To Class: ClassName=E[0..15] Member=Element[0]: E
Added Member To Class: ClassName=E[0..15] Member=Element[1]: E
Added Member To Class: ClassName=E[0..15] Member=Element[2]: E
Added Member To Class: ClassName=E[0..15] Member=Element[3]: E
Added Member To Class: ClassName=E[0..15] Member=Element[4]: E
Added Member To Class: ClassName=E[0..15] Member=Element[5]: E
Added Member To Class: ClassName=E[0..15] Member=Element[6]: E
Added Member To Class: ClassName=E[0..15] Member=Element[10]: E
Added Member To Class: ClassName=E[0..15] Member=Element[11]: E
Added Member To Class: ClassName=E[0..15] Member=Element[12]: E
Added Member To Class: ClassName=E[0..15] Member=Element[13]: E
Added Member To Class: ClassName=E[0..15] Member=Element[14]: E
Added Member To Class: ClassName=E[0..15] Member=Element[15]: E
Added Member To Class: ClassName=F[0..15] Member=Element[0]: F
Added Member To Class: ClassName=F[0..15] Member=Element[1]: F
Added Member To Class: ClassName=F[0..15] Member=Element[2]: F
Added Member To Class: ClassName=F[0..15] Member=Element[3]: F
Added Member To Class: ClassName=F[0..15] Member=Element[4]: F
Added Member To Class: ClassName=F[0..15] Member=Element[5]: F
Added Member To Class: ClassName=F[0..15] Member=Element[6]: F
Added Member To Class: ClassName=F[0..15] Member=Element[7]: F
Added Member To Class: ClassName=F[0..15] Member=Element[8]: F
Added Member To Class: ClassName=F[0..15] Member=Element[9]: F
Added Member To Class: ClassName=F[0..15] Member=Element[10]: F
Added Member To Class: ClassName=F[0..15] Member=Element[11]: F
Added Member To Class: ClassName=F[0..15] Member=Element[12]: F
Added Member To Class: ClassName=F[0..15] Member=Element[13]: F
Added Member To Class: ClassName=G[0..15] Member=Element[2]: G
Added Member To Class: ClassName=G[0..15] Member=Element[3]: G
Added Member To Class: ClassName=G[0..15] Member=Element[5]: G
Added Member To Class: ClassName=G[0..15] Member=Element[6]: G
Added Member To Class: ClassName=G[0..15] Member=Element[7]: G
Added Member To Class: ClassName=G[0..15] Member=Element[8]: G
Added Member To Class: ClassName=G[0..15] Member=Element[9]: G
Added Member To Class: ClassName=G[0..15] Member=Element[11]: G
Added Member To Class: ClassName=G[0..15] Member=Element[13]: G
Added Member To Class: ClassName=G[0..15] Member=Element[14]: G
