Removed Pin From Net: NetName=E11 Pin=R27-5
Removed Pin From Net: NetName=E15 Pin=R28-5
Removed Pin From Net: NetName=E14 Pin=R28-6
Removed Pin From Net: NetName=A1 Pin=U1-35
Removed Pin From Net: NetName=A1 Pin=U2-14
Removed Pin From Net: NetName=DD2 Pin=U21-4
Removed Member From Class: ClassName=CC[0..6] Member=CC0
Removed Member From Class: ClassName=CC[0..6] Member=CC1
Removed Member From Class: ClassName=CC[0..6] Member=CC2
Removed Member From Class: ClassName=CC[0..6] Member=CC3
Removed Member From Class: ClassName=CC[0..6] Member=CC4
Removed Member From Class: ClassName=CC[0..6] Member=CC5
Removed Member From Class: ClassName=CC[0..6] Member=CC6
Change Component Comment : Designator=C4 Old Comment=2.2uF  New Comment=2.2uF
Change Component Comment : Designator=C5 Old Comment=2.2uF  New Comment=2.2uF
Change Component Comment : Designator=C6 Old Comment=10uF  New Comment=10uF
Added Pin To Net: NetName=E11 Pin=R27-5
Added Pin To Net: NetName=E15 Pin=R28-5
Added Pin To Net: NetName=E14 Pin=R28-6
Added Pin To Net: NetName=A1 Pin=U1-35
Added Pin To Net: NetName=A1 Pin=U2-14
Change Net Name : Old Net Name=BB0 New Net Name=F0
Change Net Name : Old Net Name=BB1 New Net Name=F1
Change Net Name : Old Net Name=BB2 New Net Name=F2
Change Net Name : Old Net Name=BB3 New Net Name=F3
Change Net Name : Old Net Name=BB4 New Net Name=F4
Change Net Name : Old Net Name=BB5 New Net Name=F5
Change Net Name : Old Net Name=BB6 New Net Name=F6
Change Net Name : Old Net Name=CC0 New Net Name=F7
Change Net Name : Old Net Name=CC1 New Net Name=F8
Change Net Name : Old Net Name=CC2 New Net Name=F9
Change Net Name : Old Net Name=CC3 New Net Name=F10
Change Net Name : Old Net Name=CC4 New Net Name=F11
Change Net Name : Old Net Name=CC5 New Net Name=F12
Change Net Name : Old Net Name=CC6 New Net Name=F13
Change Net Name : Old Net Name=DD0 New Net Name=G2
Change Net Name : Old Net Name=DD1 New Net Name=G3
Change Net Name : Old Net Name=DD2 New Net Name=G5
Change Net Name : Old Net Name=DD4 New Net Name=G6
Change Net Name : Old Net Name=DD5 New Net Name=G7
Change Net Name : Old Net Name=DD6 New Net Name=G8
Change Class Name : Old Net Name=CC[0..6] New Net Name=OUTA[0..6]
Added Member To Class: ClassName=OUTA[0..6] Member=Element[0]: OUTA
Added Member To Class: ClassName=OUTA[0..6] Member=Element[1]: OUTA
Added Member To Class: ClassName=OUTA[0..6] Member=Element[2]: OUTA
Added Member To Class: ClassName=OUTA[0..6] Member=Element[3]: OUTA
Added Member To Class: ClassName=OUTA[0..6] Member=Element[4]: OUTA
Added Member To Class: ClassName=OUTA[0..6] Member=Element[5]: OUTA
Added Member To Class: ClassName=OUTA[0..6] Member=Element[6]: OUTA
