Removed Pin From Net: NetName=12V Pin=D42-A
Removed Pin From Net: NetName=OUTB0 Pin=D44-1
Removed Pin From Net: NetName=12V Pin=D44-2
Removed Pin From Net: NetName=12V Pin=D46-A
Removed Pin From Net: NetName=OUTB1 Pin=D48-1
Removed Pin From Net: NetName=12V Pin=D48-2
Removed Pin From Net: NetName=12V Pin=D50-A
Removed Pin From Net: NetName=OUTB2 Pin=D52-1
Removed Pin From Net: NetName=12V Pin=D52-2
Removed Pin From Net: NetName=12V Pin=D54-A
Removed Pin From Net: NetName=OUTB3 Pin=D56-1
Removed Pin From Net: NetName=12V Pin=D56-2
Removed Pin From Net: NetName=12V Pin=D58-A
Removed Pin From Net: NetName=OUTB4 Pin=D60-1
Removed Pin From Net: NetName=12V Pin=D60-2
Removed Pin From Net: NetName=INPUT1_H Pin=J20-1
Removed Pin From Net: NetName=INPUT1_H Pin=J22-1
Removed Pin From Net: NetName=INPUT1_H Pin=J24-1
Removed Pin From Net: NetName=INPUT1_H Pin=J26-1
Removed Pin From Net: NetName=INPUT1_H Pin=J28-1
Removed Pin From Net: NetName=INPUT1_L Pin=K9-1
Removed Pin From Net: NetName=12V Pin=K9-4
Removed Pin From Net: NetName=OUTB0 Pin=K9-5
Removed Pin From Net: NetName=INPUT1_L Pin=K11-1
Removed Pin From Net: NetName=12V Pin=K11-4
Removed Pin From Net: NetName=OUTB1 Pin=K11-5
Removed Pin From Net: NetName=INPUT1_L Pin=K13-1
Removed Pin From Net: NetName=12V Pin=K13-4
Removed Pin From Net: NetName=OUTB2 Pin=K13-5
Removed Pin From Net: NetName=INPUT1_L Pin=K15-1
Removed Pin From Net: NetName=12V Pin=K15-4
Removed Pin From Net: NetName=OUTB3 Pin=K15-5
Removed Pin From Net: NetName=INPUT1_L Pin=K17-1
Removed Pin From Net: NetName=12V Pin=K17-4
Removed Pin From Net: NetName=OUTB4 Pin=K17-5
Removed Pin From Net: NetName=OUTB0 Pin=R64-2
Removed Pin From Net: NetName=OUTB1 Pin=R66-2
Removed Pin From Net: NetName=OUTB2 Pin=R68-2
Removed Pin From Net: NetName=OUTB3 Pin=R70-2
Removed Pin From Net: NetName=OUTB4 Pin=R72-2
Removed Member From Class: ClassName=U_继电器驱动输出 Member=D42
Removed Member From Class: ClassName=U_继电器驱动输出 Member=D44
Removed Member From Class: ClassName=U_继电器驱动输出 Member=D46
Removed Member From Class: ClassName=U_继电器驱动输出 Member=D48
Removed Member From Class: ClassName=U_继电器驱动输出 Member=D50
Removed Member From Class: ClassName=U_继电器驱动输出 Member=D52
Removed Member From Class: ClassName=U_继电器驱动输出 Member=D54
Removed Member From Class: ClassName=U_继电器驱动输出 Member=D56
Removed Member From Class: ClassName=U_继电器驱动输出 Member=D58
Removed Member From Class: ClassName=U_继电器驱动输出 Member=D60
Removed Member From Class: ClassName=U_继电器驱动输出 Member=J20
Removed Member From Class: ClassName=U_继电器驱动输出 Member=J22
Removed Member From Class: ClassName=U_继电器驱动输出 Member=J24
Removed Member From Class: ClassName=U_继电器驱动输出 Member=J26
Removed Member From Class: ClassName=U_继电器驱动输出 Member=J28
Removed Member From Class: ClassName=U_继电器驱动输出 Member=K9
Removed Member From Class: ClassName=U_继电器驱动输出 Member=K11
Removed Member From Class: ClassName=U_继电器驱动输出 Member=K13
Removed Member From Class: ClassName=U_继电器驱动输出 Member=K15
Removed Member From Class: ClassName=U_继电器驱动输出 Member=K17
Removed Member From Class: ClassName=U_继电器驱动输出 Member=R64
Removed Member From Class: ClassName=U_继电器驱动输出 Member=R66
Removed Member From Class: ClassName=U_继电器驱动输出 Member=R68
Removed Member From Class: ClassName=U_继电器驱动输出 Member=R70
Removed Member From Class: ClassName=U_继电器驱动输出 Member=R72
