Removed Pin From Net: NetName=G9 Pin=J4-6
Removed Pin From Net: NetName=G9 Pin=R1-1
Removed Pin From Net: NetName=D3 Pin=R27-5
Removed Pin From Net: NetName=A7 Pin=R28-5
Removed Pin From Net: NetName=C1 Pin=R28-6
Removed Pin From Net: NetName=A1 Pin=U1-35
Removed Pin From Net: NetName=E12 Pin=U2-7
Removed Pin From Net: NetName=E13 Pin=U2-8
Removed Pin From Net: NetName=A1 Pin=U2-14
Removed Pin From Net: NetName=D Pin=U21-5
Removed Member From Class: ClassName=D[0..15] Member=E11
Removed Member From Class: ClassName=C[0..15] Member=E12
Removed Member From Class: ClassName=C[0..15] Member=E13
Removed Member From Class: ClassName=C[0..15] Member=E14
Removed Member From Class: ClassName=A[0..15] Member=E15
Removed Member From Class: ClassName=A[0..15] Member=G9
Added Pin To Net: NetName=D Pin=J4-6
Added Pin To Net: NetName=A2 Pin=R1-1
Added Pin To Net: NetName=E11 Pin=R27-5
Added Pin To Net: NetName=G9 Pin=R27-6
Added Pin To Net: NetName=E15 Pin=R28-5
Added Pin To Net: NetName=E14 Pin=R28-6
Added Pin To Net: NetName=A1 Pin=U1-35
Added Pin To Net: NetName=C5 Pin=U2-7
Added Pin To Net: NetName=C4 Pin=U2-8
Added Pin To Net: NetName=A1 Pin=U2-14
Added Pin To Net: NetName=DD4 Pin=U21-5
Change Net Name : Old Net Name=AA0 New Net Name=E0
Change Net Name : Old Net Name=AA1 New Net Name=E1
Change Net Name : Old Net Name=AA2 New Net Name=E2
Change Net Name : Old Net Name=AA3 New Net Name=E3
Change Net Name : Old Net Name=AA4 New Net Name=E4
Change Net Name : Old Net Name=AA5 New Net Name=E5
Change Net Name : Old Net Name=AA6 New Net Name=E6
Change Net Name : Old Net Name=D New Net Name=G9
Change Net Name : Old Net Name=G9 New Net Name=E10
Added Member To Class: ClassName=A[0..15] Member=Element[2]: A
Added Member To Class: ClassName=A[0..15] Member=Element[7]: A
Added Member To Class: ClassName=C[0..15] Member=Element[1]: C
Added Member To Class: ClassName=C[0..15] Member=Element[4]: C
Added Member To Class: ClassName=C[0..15] Member=Element[5]: C
Added Member To Class: ClassName=D[0..15] Member=Element[3]: D
Added Room: Name=U_DGUS&串口打印机
Added Room: Name=U_EEPROM&FLASH
Added Room: Name=U_ETHNET
Added Room: Name=U_RS485_RS232
Added Room: Name=U_SD_Card
Added Room: Name=U_STM32最小系统
Added Room: Name=U_四路电压输入比较器
Added Room: Name=U_电机驱动&步进电机驱动
Added Room: Name=U_电源
Added Room: Name=U_继电器驱动输出
