Removed Pin From Net: NetName=12V Pin=D69-A
Removed Pin From Net: NetName=12V Pin=D70-2
Removed Pin From Net: NetName=12V Pin=D71-A
Removed Pin From Net: NetName=12V Pin=D72-2
Removed Pin From Net: NetName=12V Pin=D73-A
Removed Pin From Net: NetName=12V Pin=D74-2
Removed Pin From Net: NetName=12V Pin=D75-A
Removed Pin From Net: NetName=12V Pin=D76-2
Removed Pin From Net: NetName=12V Pin=D77-A
Removed Pin From Net: NetName=12V Pin=D78-2
Removed Pin From Net: NetName=12V Pin=D79-A
Removed Pin From Net: NetName=12V Pin=D80-2
Removed Pin From Net: NetName=12V Pin=D81-A
Removed Pin From Net: NetName=12V Pin=D82-2
Removed Pin From Net: NetName=INPUT_H Pin=J33-1
Removed Pin From Net: NetName=INPUT_H Pin=J34-1
Removed Pin From Net: NetName=INPUT_H Pin=J35-1
Removed Pin From Net: NetName=INPUT_H Pin=J36-1
Removed Pin From Net: NetName=INPUT_H Pin=J37-1
Removed Pin From Net: NetName=INPUT_H Pin=J38-1
Removed Pin From Net: NetName=INPUT_H Pin=J39-1
Removed Pin From Net: NetName=INPUT_L Pin=K22-1
Removed Pin From Net: NetName=12V Pin=K22-4
Removed Pin From Net: NetName=INPUT_L Pin=K23-1
Removed Pin From Net: NetName=12V Pin=K23-4
Removed Pin From Net: NetName=INPUT_L Pin=K24-1
Removed Pin From Net: NetName=12V Pin=K24-4
Removed Pin From Net: NetName=INPUT_L Pin=K25-1
Removed Pin From Net: NetName=12V Pin=K25-4
Removed Pin From Net: NetName=INPUT_L Pin=K26-1
Removed Pin From Net: NetName=12V Pin=K26-4
Removed Pin From Net: NetName=INPUT_L Pin=K27-1
Removed Pin From Net: NetName=12V Pin=K27-4
Removed Pin From Net: NetName=INPUT_L Pin=K28-1
Removed Pin From Net: NetName=12V Pin=K28-4
Removed Pin From Net: NetName=5V Pin=U21-1
Removed Pin From Net: NetName=G2 Pin=U21-2
Removed Pin From Net: NetName=G3 Pin=U21-3
Removed Pin From Net: NetName=G4 Pin=U21-4
Removed Pin From Net: NetName=G5 Pin=U21-5
Removed Pin From Net: NetName=G6 Pin=U21-6
Removed Pin From Net: NetName=G7 Pin=U21-7
Removed Pin From Net: NetName=G8 Pin=U21-8
Removed Pin From Net: NetName=GND Pin=U21-10
Removed Pin From Net: NetName=GND Pin=U21-19
Removed Pin From Net: NetName=5V Pin=U21-20
Removed Pin From Net: NetName=GND Pin=U22-8
Removed Pin From Net: NetName=12V Pin=U22-9
Removed Member From Class: ClassName=U_继电器驱动输出 Member=D69
Removed Member From Class: ClassName=U_继电器驱动输出 Member=D70
Removed Member From Class: ClassName=U_继电器驱动输出 Member=D71
Removed Member From Class: ClassName=U_继电器驱动输出 Member=D72
Removed Member From Class: ClassName=U_继电器驱动输出 Member=D73
Removed Member From Class: ClassName=U_继电器驱动输出 Member=D74
Removed Member From Class: ClassName=U_继电器驱动输出 Member=D75
Removed Member From Class: ClassName=U_继电器驱动输出 Member=D76
Removed Member From Class: ClassName=U_继电器驱动输出 Member=D77
Removed Member From Class: ClassName=U_继电器驱动输出 Member=D78
Removed Member From Class: ClassName=U_继电器驱动输出 Member=D79
Removed Member From Class: ClassName=U_继电器驱动输出 Member=D80
Removed Member From Class: ClassName=U_继电器驱动输出 Member=D81
Removed Member From Class: ClassName=U_继电器驱动输出 Member=D82
Removed Member From Class: ClassName=U_继电器驱动输出 Member=J33
Removed Member From Class: ClassName=U_继电器驱动输出 Member=J34
Removed Member From Class: ClassName=U_继电器驱动输出 Member=J35
Removed Member From Class: ClassName=U_继电器驱动输出 Member=J36
Removed Member From Class: ClassName=U_继电器驱动输出 Member=J37
Removed Member From Class: ClassName=U_继电器驱动输出 Member=J38
Removed Member From Class: ClassName=U_继电器驱动输出 Member=J39
Removed Member From Class: ClassName=U_继电器驱动输出 Member=K22
Removed Member From Class: ClassName=U_继电器驱动输出 Member=K23
Removed Member From Class: ClassName=U_继电器驱动输出 Member=K24
Removed Member From Class: ClassName=U_继电器驱动输出 Member=K25
Removed Member From Class: ClassName=U_继电器驱动输出 Member=K26
Removed Member From Class: ClassName=U_继电器驱动输出 Member=K27
Removed Member From Class: ClassName=U_继电器驱动输出 Member=K28
Removed Member From Class: ClassName=U_继电器驱动输出 Member=R77
Removed Member From Class: ClassName=U_继电器驱动输出 Member=R78
Removed Member From Class: ClassName=U_继电器驱动输出 Member=R79
Removed Member From Class: ClassName=U_继电器驱动输出 Member=R80
Removed Member From Class: ClassName=U_继电器驱动输出 Member=R81
Removed Member From Class: ClassName=U_继电器驱动输出 Member=R82
Removed Member From Class: ClassName=U_继电器驱动输出 Member=R83
Removed Member From Class: ClassName=U_继电器驱动输出 Member=U21
Removed Member From Class: ClassName=U_继电器驱动输出 Member=U22
