Added Component: Designator=J41(HDR1X5)
Add component. Clean all parameters for all variants
Add component (AddParameter): Name = "ComponentLink1Description"; Value = "供应商链接"; VariantName = "[No Variations]"
Add component (AddParameter): Name = "ComponentLink1URL"; Value = "http://www.szlcsc.com/product/details_58403.html"; VariantName = "[No Variations]"
Add component (AddParameter): Name = "Manufacturer"; Value = ""; VariantName = "[No Variations]"
Add component (AddParameter): Name = "price"; Value = "0.2"; VariantName = "[No Variations]"
Add component (AddParameter): Name = "Supplier"; Value = "LC"; VariantName = "[No Variations]"
Add component (AddParameter): Name = "SuppliersPartNumber"; Value = "C57369"; VariantName = "[No Variations]"
Added Component: Designator=J42(HDR1X5)
Add component. Clean all parameters for all variants
Add component (AddParameter): Name = "ComponentLink1Description"; Value = "供应商链接"; VariantName = "[No Variations]"
Add component (AddParameter): Name = "ComponentLink1URL"; Value = "http://www.szlcsc.com/product/details_58403.html"; VariantName = "[No Variations]"
Add component (AddParameter): Name = "Manufacturer"; Value = ""; VariantName = "[No Variations]"
Add component (AddParameter): Name = "price"; Value = "0.2"; VariantName = "[No Variations]"
Add component (AddParameter): Name = "Supplier"; Value = "LC"; VariantName = "[No Variations]"
Add component (AddParameter): Name = "SuppliersPartNumber"; Value = "C57369"; VariantName = "[No Variations]"
Added Component: Designator=J43(HDR1X5)
Add component. Clean all parameters for all variants
Add component (AddParameter): Name = "ComponentLink1Description"; Value = "供应商链接"; VariantName = "[No Variations]"
Add component (AddParameter): Name = "ComponentLink1URL"; Value = "http://www.szlcsc.com/product/details_58403.html"; VariantName = "[No Variations]"
Add component (AddParameter): Name = "Manufacturer"; Value = ""; VariantName = "[No Variations]"
Add component (AddParameter): Name = "price"; Value = "0.2"; VariantName = "[No Variations]"
Add component (AddParameter): Name = "Supplier"; Value = "LC"; VariantName = "[No Variations]"
Add component (AddParameter): Name = "SuppliersPartNumber"; Value = "C57369"; VariantName = "[No Variations]"
Added Component: Designator=J?(HDR1X5)
Add component. Clean all parameters for all variants
Add component (AddParameter): Name = "ComponentLink1Description"; Value = "供应商链接"; VariantName = "[No Variations]"
Add component (AddParameter): Name = "ComponentLink1URL"; Value = "http://www.szlcsc.com/product/details_58403.html"; VariantName = "[No Variations]"
Add component (AddParameter): Name = "Manufacturer"; Value = ""; VariantName = "[No Variations]"
Add component (AddParameter): Name = "price"; Value = "0.2"; VariantName = "[No Variations]"
Add component (AddParameter): Name = "Supplier"; Value = "LC"; VariantName = "[No Variations]"
Add component (AddParameter): Name = "SuppliersPartNumber"; Value = "C57369"; VariantName = "[No Variations]"
Added Pin To Net: NetName=3.3V Pin=J41-1
Added Pin To Net: NetName=3.3V Pin=J41-2
Added Pin To Net: NetName=3.3V Pin=J41-3
Added Pin To Net: NetName=3.3V Pin=J41-4
Added Pin To Net: NetName=3.3V Pin=J41-5
Added Pin To Net: NetName=12V Pin=J42-1
Added Pin To Net: NetName=12V Pin=J42-2
Added Pin To Net: NetName=12V Pin=J42-3
Added Pin To Net: NetName=12V Pin=J42-4
Added Pin To Net: NetName=12V Pin=J42-5
Added Pin To Net: NetName=5V Pin=J43-1
Added Pin To Net: NetName=5V Pin=J43-2
Added Pin To Net: NetName=5V Pin=J43-3
Added Pin To Net: NetName=5V Pin=J43-4
Added Pin To Net: NetName=5V Pin=J43-5
Added Pin To Net: NetName=GND Pin=J?-1
Added Pin To Net: NetName=GND Pin=J?-2
Added Pin To Net: NetName=GND Pin=J?-3
Added Pin To Net: NetName=GND Pin=J?-4
Added Pin To Net: NetName=GND Pin=J?-5
Added Member To Class: ClassName=U_电源 Member=Component J41 5P
Added Member To Class: ClassName=U_电源 Member=Component J42 5P
Added Member To Class: ClassName=U_电源 Member=Component J43 5P
Added Member To Class: ClassName=U_电源 Member=Component J? 5P
