Removed Pin From Net: NetName=GND Pin=BT1_STM32最小系统2-2
Removed Pin From Net: NetName=GND Pin=BT1_STM32最小系统3-2
Removed Pin From Net: NetName=GND Pin=BT1_STM32最小系统4-2
Removed Pin From Net: NetName=GND Pin=BT1_STM32最小系统5-2
Removed Pin From Net: NetName=GND Pin=BT1_STM32最小系统6-2
Removed Pin From Net: NetName=GND Pin=BT1_STM32最小系统7-2
Removed Pin From Net: NetName=GND Pin=BT1_STM32最小系统8-2
Removed Pin From Net: NetName=GND Pin=BT1_STM32最小系统9-2
Removed Pin From Net: NetName=GND Pin=BT1_STM32最小系统10-2
Removed Pin From Net: NetName=GND Pin=BT1_STM32最小系统11-2
Removed Pin From Net: NetName=GND Pin=BT1_STM32最小系统12-2
Removed Pin From Net: NetName=GND Pin=BT1_STM32最小系统13-2
Removed Pin From Net: NetName=GND Pin=C1_STM32最小系统2-2
Removed Pin From Net: NetName=GND Pin=C1_STM32最小系统3-2
Removed Pin From Net: NetName=GND Pin=C1_STM32最小系统4-2
Removed Pin From Net: NetName=GND Pin=C1_STM32最小系统5-2
Removed Pin From Net: NetName=GND Pin=C1_STM32最小系统6-2
Removed Pin From Net: NetName=GND Pin=C1_STM32最小系统7-2
Removed Pin From Net: NetName=GND Pin=C1_STM32最小系统8-2
Removed Pin From Net: NetName=GND Pin=C1_STM32最小系统9-2
Removed Pin From Net: NetName=GND Pin=C1_STM32最小系统10-2
Removed Pin From Net: NetName=GND Pin=C1_STM32最小系统11-2
Removed Pin From Net: NetName=GND Pin=C1_STM32最小系统12-2
Removed Pin From Net: NetName=GND Pin=C1_STM32最小系统13-2
Removed Pin From Net: NetName=GND Pin=C2_STM32最小系统2-2
Removed Pin From Net: NetName=GND Pin=C2_STM32最小系统3-2
Removed Pin From Net: NetName=GND Pin=C2_STM32最小系统4-2
Removed Pin From Net: NetName=GND Pin=C2_STM32最小系统5-2
Removed Pin From Net: NetName=GND Pin=C2_STM32最小系统6-2
Removed Pin From Net: NetName=GND Pin=C2_STM32最小系统7-2
Removed Pin From Net: NetName=GND Pin=C2_STM32最小系统8-2
Removed Pin From Net: NetName=GND Pin=C2_STM32最小系统9-2
Removed Pin From Net: NetName=GND Pin=C2_STM32最小系统10-2
Removed Pin From Net: NetName=GND Pin=C2_STM32最小系统11-2
Removed Pin From Net: NetName=GND Pin=C2_STM32最小系统12-2
Removed Pin From Net: NetName=GND Pin=C2_STM32最小系统13-2
Removed Pin From Net: NetName=GND Pin=C3_STM32最小系统2-1
Removed Pin From Net: NetName=GND Pin=C3_STM32最小系统3-1
Removed Pin From Net: NetName=GND Pin=C3_STM32最小系统4-1
Removed Pin From Net: NetName=GND Pin=C3_STM32最小系统5-1
Removed Pin From Net: NetName=GND Pin=C3_STM32最小系统6-1
Removed Pin From Net: NetName=GND Pin=C3_STM32最小系统7-1
Removed Pin From Net: NetName=GND Pin=C3_STM32最小系统8-1
Removed Pin From Net: NetName=GND Pin=C3_STM32最小系统9-1
Removed Pin From Net: NetName=GND Pin=C3_STM32最小系统10-1
Removed Pin From Net: NetName=GND Pin=C3_STM32最小系统11-1
Removed Pin From Net: NetName=GND Pin=C3_STM32最小系统12-1
Removed Pin From Net: NetName=GND Pin=C3_STM32最小系统13-1
Removed Pin From Net: NetName=GND Pin=C4_STM32最小系统2-2
Removed Pin From Net: NetName=GND Pin=C4_STM32最小系统3-2
Removed Pin From Net: NetName=GND Pin=C4_STM32最小系统4-2
Removed Pin From Net: NetName=GND Pin=C4_STM32最小系统5-2
Removed Pin From Net: NetName=GND Pin=C4_STM32最小系统6-2
Removed Pin From Net: NetName=GND Pin=C4_STM32最小系统7-2
Removed Pin From Net: NetName=GND Pin=C4_STM32最小系统8-2
Removed Pin From Net: NetName=GND Pin=C4_STM32最小系统9-2
Removed Pin From Net: NetName=GND Pin=C4_STM32最小系统10-2
Removed Pin From Net: NetName=GND Pin=C4_STM32最小系统11-2
Removed Pin From Net: NetName=GND Pin=C4_STM32最小系统12-2
Removed Pin From Net: NetName=GND Pin=C4_STM32最小系统13-2
Removed Pin From Net: NetName=GND Pin=C5_STM32最小系统2-2
Removed Pin From Net: NetName=GND Pin=C5_STM32最小系统3-2
Removed Pin From Net: NetName=GND Pin=C5_STM32最小系统4-2
Removed Pin From Net: NetName=GND Pin=C5_STM32最小系统5-2
Removed Pin From Net: NetName=GND Pin=C5_STM32最小系统6-2
Removed Pin From Net: NetName=GND Pin=C5_STM32最小系统7-2
Removed Pin From Net: NetName=GND Pin=C5_STM32最小系统8-2
Removed Pin From Net: NetName=GND Pin=C5_STM32最小系统9-2
Removed Pin From Net: NetName=GND Pin=C5_STM32最小系统10-2
Removed Pin From Net: NetName=GND Pin=C5_STM32最小系统11-2
Removed Pin From Net: NetName=GND Pin=C5_STM32最小系统12-2
Removed Pin From Net: NetName=GND Pin=C5_STM32最小系统13-2
Removed Pin From Net: NetName=GND Pin=C6_STM32最小系统2-1
Removed Pin From Net: NetName=3.3V Pin=C6_STM32最小系统2-2
Removed Pin From Net: NetName=GND Pin=C6_STM32最小系统3-1
Removed Pin From Net: NetName=3.3V Pin=C6_STM32最小系统3-2
Removed Pin From Net: NetName=GND Pin=C6_STM32最小系统4-1
Removed Pin From Net: NetName=3.3V Pin=C6_STM32最小系统4-2
Removed Pin From Net: NetName=GND Pin=C6_STM32最小系统5-1
Removed Pin From Net: NetName=3.3V Pin=C6_STM32最小系统5-2
Removed Pin From Net: NetName=GND Pin=C6_STM32最小系统6-1
Removed Pin From Net: NetName=3.3V Pin=C6_STM32最小系统6-2
Removed Pin From Net: NetName=GND Pin=C6_STM32最小系统7-1
Removed Pin From Net: NetName=3.3V Pin=C6_STM32最小系统7-2
Removed Pin From Net: NetName=GND Pin=C6_STM32最小系统8-1
Removed Pin From Net: NetName=3.3V Pin=C6_STM32最小系统8-2
Removed Pin From Net: NetName=GND Pin=C6_STM32最小系统9-1
Removed Pin From Net: NetName=3.3V Pin=C6_STM32最小系统9-2
Removed Pin From Net: NetName=GND Pin=C6_STM32最小系统10-1
Removed Pin From Net: NetName=3.3V Pin=C6_STM32最小系统10-2
Removed Pin From Net: NetName=GND Pin=C6_STM32最小系统11-1
Removed Pin From Net: NetName=3.3V Pin=C6_STM32最小系统11-2
Removed Pin From Net: NetName=GND Pin=C6_STM32最小系统12-1
Removed Pin From Net: NetName=3.3V Pin=C6_STM32最小系统12-2
Removed Pin From Net: NetName=GND Pin=C6_STM32最小系统13-1
Removed Pin From Net: NetName=3.3V Pin=C6_STM32最小系统13-2
Removed Pin From Net: NetName=GND Pin=C7_STM32最小系统2-1
Removed Pin From Net: NetName=3.3V Pin=C7_STM32最小系统2-2
Removed Pin From Net: NetName=GND Pin=C7_STM32最小系统3-1
Removed Pin From Net: NetName=3.3V Pin=C7_STM32最小系统3-2
Removed Pin From Net: NetName=GND Pin=C7_STM32最小系统4-1
Removed Pin From Net: NetName=3.3V Pin=C7_STM32最小系统4-2
Removed Pin From Net: NetName=GND Pin=C7_STM32最小系统5-1
Removed Pin From Net: NetName=3.3V Pin=C7_STM32最小系统5-2
Removed Pin From Net: NetName=GND Pin=C7_STM32最小系统6-1
Removed Pin From Net: NetName=3.3V Pin=C7_STM32最小系统6-2
Removed Pin From Net: NetName=GND Pin=C7_STM32最小系统7-1
Removed Pin From Net: NetName=3.3V Pin=C7_STM32最小系统7-2
Removed Pin From Net: NetName=GND Pin=C7_STM32最小系统8-1
Removed Pin From Net: NetName=3.3V Pin=C7_STM32最小系统8-2
Removed Pin From Net: NetName=GND Pin=C7_STM32最小系统9-1
Removed Pin From Net: NetName=3.3V Pin=C7_STM32最小系统9-2
Removed Pin From Net: NetName=GND Pin=C7_STM32最小系统10-1
Removed Pin From Net: NetName=3.3V Pin=C7_STM32最小系统10-2
Removed Pin From Net: NetName=GND Pin=C7_STM32最小系统11-1
Removed Pin From Net: NetName=3.3V Pin=C7_STM32最小系统11-2
Removed Pin From Net: NetName=GND Pin=C7_STM32最小系统12-1
Removed Pin From Net: NetName=3.3V Pin=C7_STM32最小系统12-2
Removed Pin From Net: NetName=GND Pin=C7_STM32最小系统13-1
Removed Pin From Net: NetName=3.3V Pin=C7_STM32最小系统13-2
Removed Pin From Net: NetName=GND Pin=C8_STM32最小系统2-1
Removed Pin From Net: NetName=GND Pin=C8_STM32最小系统3-1
Removed Pin From Net: NetName=GND Pin=C8_STM32最小系统4-1
Removed Pin From Net: NetName=GND Pin=C8_STM32最小系统5-1
Removed Pin From Net: NetName=GND Pin=C8_STM32最小系统6-1
Removed Pin From Net: NetName=GND Pin=C8_STM32最小系统7-1
Removed Pin From Net: NetName=GND Pin=C8_STM32最小系统8-1
Removed Pin From Net: NetName=GND Pin=C8_STM32最小系统9-1
Removed Pin From Net: NetName=GND Pin=C8_STM32最小系统10-1
Removed Pin From Net: NetName=GND Pin=C8_STM32最小系统11-1
Removed Pin From Net: NetName=GND Pin=C8_STM32最小系统12-1
Removed Pin From Net: NetName=GND Pin=C8_STM32最小系统13-1
Removed Pin From Net: NetName=GND Pin=C9_STM32最小系统2-1
Removed Pin From Net: NetName=GND Pin=C9_STM32最小系统3-1
Removed Pin From Net: NetName=GND Pin=C9_STM32最小系统4-1
Removed Pin From Net: NetName=GND Pin=C9_STM32最小系统5-1
Removed Pin From Net: NetName=GND Pin=C9_STM32最小系统6-1
Removed Pin From Net: NetName=GND Pin=C9_STM32最小系统7-1
Removed Pin From Net: NetName=GND Pin=C9_STM32最小系统8-1
Removed Pin From Net: NetName=GND Pin=C9_STM32最小系统9-1
Removed Pin From Net: NetName=GND Pin=C9_STM32最小系统10-1
Removed Pin From Net: NetName=GND Pin=C9_STM32最小系统11-1
Removed Pin From Net: NetName=GND Pin=C9_STM32最小系统12-1
Removed Pin From Net: NetName=GND Pin=C9_STM32最小系统13-1
Removed Pin From Net: NetName=GND Pin=C10_STM32最小系统2-1
Removed Pin From Net: NetName=GND Pin=C10_STM32最小系统3-1
Removed Pin From Net: NetName=GND Pin=C10_STM32最小系统4-1
Removed Pin From Net: NetName=GND Pin=C10_STM32最小系统5-1
Removed Pin From Net: NetName=GND Pin=C10_STM32最小系统6-1
Removed Pin From Net: NetName=GND Pin=C10_STM32最小系统7-1
Removed Pin From Net: NetName=GND Pin=C10_STM32最小系统8-1
Removed Pin From Net: NetName=GND Pin=C10_STM32最小系统9-1
Removed Pin From Net: NetName=GND Pin=C10_STM32最小系统10-1
Removed Pin From Net: NetName=GND Pin=C10_STM32最小系统11-1
Removed Pin From Net: NetName=GND Pin=C10_STM32最小系统12-1
Removed Pin From Net: NetName=GND Pin=C10_STM32最小系统13-1
Removed Pin From Net: NetName=3.3V Pin=D1_STM32最小系统2-1
Removed Pin From Net: NetName=3.3V Pin=D1_STM32最小系统3-1
Removed Pin From Net: NetName=3.3V Pin=D1_STM32最小系统4-1
Removed Pin From Net: NetName=3.3V Pin=D1_STM32最小系统5-1
Removed Pin From Net: NetName=3.3V Pin=D1_STM32最小系统6-1
Removed Pin From Net: NetName=3.3V Pin=D1_STM32最小系统7-1
Removed Pin From Net: NetName=3.3V Pin=D1_STM32最小系统8-1
Removed Pin From Net: NetName=3.3V Pin=D1_STM32最小系统9-1
Removed Pin From Net: NetName=3.3V Pin=D1_STM32最小系统10-1
Removed Pin From Net: NetName=3.3V Pin=D1_STM32最小系统11-1
Removed Pin From Net: NetName=3.3V Pin=D1_STM32最小系统12-1
Removed Pin From Net: NetName=3.3V Pin=D1_STM32最小系统13-1
Removed Pin From Net: NetName=GND Pin=R1_STM32最小系统2-1
Removed Pin From Net: NetName=GND Pin=R1_STM32最小系统3-1
Removed Pin From Net: NetName=GND Pin=R1_STM32最小系统4-1
Removed Pin From Net: NetName=GND Pin=R1_STM32最小系统5-1
Removed Pin From Net: NetName=GND Pin=R1_STM32最小系统6-1
Removed Pin From Net: NetName=GND Pin=R1_STM32最小系统7-1
Removed Pin From Net: NetName=GND Pin=R1_STM32最小系统8-1
Removed Pin From Net: NetName=GND Pin=R1_STM32最小系统9-1
Removed Pin From Net: NetName=GND Pin=R1_STM32最小系统10-1
Removed Pin From Net: NetName=GND Pin=R1_STM32最小系统11-1
Removed Pin From Net: NetName=GND Pin=R1_STM32最小系统12-1
Removed Pin From Net: NetName=GND Pin=R1_STM32最小系统13-1
Removed Pin From Net: NetName=3.3V Pin=R2_STM32最小系统2-1
Removed Pin From Net: NetName=3.3V Pin=R2_STM32最小系统3-1
Removed Pin From Net: NetName=3.3V Pin=R2_STM32最小系统4-1
Removed Pin From Net: NetName=3.3V Pin=R2_STM32最小系统5-1
Removed Pin From Net: NetName=3.3V Pin=R2_STM32最小系统6-1
Removed Pin From Net: NetName=3.3V Pin=R2_STM32最小系统7-1
Removed Pin From Net: NetName=3.3V Pin=R2_STM32最小系统8-1
Removed Pin From Net: NetName=3.3V Pin=R2_STM32最小系统9-1
Removed Pin From Net: NetName=3.3V Pin=R2_STM32最小系统10-1
Removed Pin From Net: NetName=3.3V Pin=R2_STM32最小系统11-1
Removed Pin From Net: NetName=3.3V Pin=R2_STM32最小系统12-1
Removed Pin From Net: NetName=3.3V Pin=R2_STM32最小系统13-1
Removed Pin From Net: NetName=GND Pin=R3_STM32最小系统2-1
Removed Pin From Net: NetName=GND Pin=R3_STM32最小系统3-1
Removed Pin From Net: NetName=GND Pin=R3_STM32最小系统4-1
Removed Pin From Net: NetName=GND Pin=R3_STM32最小系统5-1
Removed Pin From Net: NetName=GND Pin=R3_STM32最小系统6-1
Removed Pin From Net: NetName=GND Pin=R3_STM32最小系统7-1
Removed Pin From Net: NetName=GND Pin=R3_STM32最小系统8-1
Removed Pin From Net: NetName=GND Pin=R3_STM32最小系统9-1
Removed Pin From Net: NetName=GND Pin=R3_STM32最小系统10-1
Removed Pin From Net: NetName=GND Pin=R3_STM32最小系统11-1
Removed Pin From Net: NetName=GND Pin=R3_STM32最小系统12-1
Removed Pin From Net: NetName=GND Pin=R3_STM32最小系统13-1
Removed Pin From Net: NetName=GND Pin=U1_STM32最小系统2-16
Removed Pin From Net: NetName=3.3V Pin=U1_STM32最小系统2-17
Removed Pin From Net: NetName=3.3V Pin=U1_STM32最小系统2-30
Removed Pin From Net: NetName=GND Pin=U1_STM32最小系统2-31
Removed Pin From Net: NetName=3.3V Pin=U1_STM32最小系统2-32
Removed Pin From Net: NetName=3.3V Pin=U1_STM32最小系统2-33
Removed Pin From Net: NetName=A0_STM32最小系统2 Pin=U1_STM32最小系统2-34
Removed Pin From Net: NetName=A1_STM32最小系统2 Pin=U1_STM32最小系统2-35
Removed Pin From Net: NetName=GND Pin=U1_STM32最小系统2-38
Removed Pin From Net: NetName=3.3V Pin=U1_STM32最小系统2-39
Removed Pin From Net: NetName=GND Pin=U1_STM32最小系统2-51
Removed Pin From Net: NetName=3.3V Pin=U1_STM32最小系统2-52
Removed Pin From Net: NetName=GND Pin=U1_STM32最小系统2-61
Removed Pin From Net: NetName=3.3V Pin=U1_STM32最小系统2-62
Removed Pin From Net: NetName=3.3V Pin=U1_STM32最小系统2-72
Removed Pin From Net: NetName=GND Pin=U1_STM32最小系统2-83
Removed Pin From Net: NetName=3.3V Pin=U1_STM32最小系统2-84
Removed Pin From Net: NetName=GND Pin=U1_STM32最小系统2-94
Removed Pin From Net: NetName=3.3V Pin=U1_STM32最小系统2-95
Removed Pin From Net: NetName=SWDIO Pin=U1_STM32最小系统2-105
Removed Pin From Net: NetName=GND Pin=U1_STM32最小系统2-107
Removed Pin From Net: NetName=3.3V Pin=U1_STM32最小系统2-108
Removed Pin From Net: NetName=SWCLK Pin=U1_STM32最小系统2-109
Removed Pin From Net: NetName=GND Pin=U1_STM32最小系统2-120
Removed Pin From Net: NetName=3.3V Pin=U1_STM32最小系统2-121
Removed Pin From Net: NetName=GND Pin=U1_STM32最小系统2-130
Removed Pin From Net: NetName=3.3V Pin=U1_STM32最小系统2-131
Removed Pin From Net: NetName=3.3V Pin=U1_STM32最小系统2-143
Removed Pin From Net: NetName=3.3V Pin=U1_STM32最小系统2-144
Removed Pin From Net: NetName=GND Pin=U1_STM32最小系统3-16
Removed Pin From Net: NetName=3.3V Pin=U1_STM32最小系统3-17
Removed Pin From Net: NetName=3.3V Pin=U1_STM32最小系统3-30
Removed Pin From Net: NetName=GND Pin=U1_STM32最小系统3-31
Removed Pin From Net: NetName=3.3V Pin=U1_STM32最小系统3-32
Removed Pin From Net: NetName=3.3V Pin=U1_STM32最小系统3-33
Removed Pin From Net: NetName=A0_STM32最小系统3 Pin=U1_STM32最小系统3-34
Removed Pin From Net: NetName=A1_STM32最小系统3 Pin=U1_STM32最小系统3-35
Removed Pin From Net: NetName=GND Pin=U1_STM32最小系统3-38
Removed Pin From Net: NetName=3.3V Pin=U1_STM32最小系统3-39
Removed Pin From Net: NetName=GND Pin=U1_STM32最小系统3-51
Removed Pin From Net: NetName=3.3V Pin=U1_STM32最小系统3-52
Removed Pin From Net: NetName=GND Pin=U1_STM32最小系统3-61
Removed Pin From Net: NetName=3.3V Pin=U1_STM32最小系统3-62
Removed Pin From Net: NetName=3.3V Pin=U1_STM32最小系统3-72
Removed Pin From Net: NetName=GND Pin=U1_STM32最小系统3-83
Removed Pin From Net: NetName=3.3V Pin=U1_STM32最小系统3-84
Removed Pin From Net: NetName=GND Pin=U1_STM32最小系统3-94
Removed Pin From Net: NetName=3.3V Pin=U1_STM32最小系统3-95
Removed Pin From Net: NetName=SWDIO Pin=U1_STM32最小系统3-105
Removed Pin From Net: NetName=GND Pin=U1_STM32最小系统3-107
Removed Pin From Net: NetName=3.3V Pin=U1_STM32最小系统3-108
Removed Pin From Net: NetName=SWCLK Pin=U1_STM32最小系统3-109
Removed Pin From Net: NetName=GND Pin=U1_STM32最小系统3-120
Removed Pin From Net: NetName=3.3V Pin=U1_STM32最小系统3-121
Removed Pin From Net: NetName=GND Pin=U1_STM32最小系统3-130
Removed Pin From Net: NetName=3.3V Pin=U1_STM32最小系统3-131
Removed Pin From Net: NetName=3.3V Pin=U1_STM32最小系统3-143
Removed Pin From Net: NetName=3.3V Pin=U1_STM32最小系统3-144
Removed Pin From Net: NetName=GND Pin=U1_STM32最小系统4-16
Removed Pin From Net: NetName=3.3V Pin=U1_STM32最小系统4-17
Removed Pin From Net: NetName=3.3V Pin=U1_STM32最小系统4-30
Removed Pin From Net: NetName=GND Pin=U1_STM32最小系统4-31
Removed Pin From Net: NetName=3.3V Pin=U1_STM32最小系统4-32
Removed Pin From Net: NetName=3.3V Pin=U1_STM32最小系统4-33
Removed Pin From Net: NetName=A0_STM32最小系统4 Pin=U1_STM32最小系统4-34
Removed Pin From Net: NetName=A1_STM32最小系统4 Pin=U1_STM32最小系统4-35
Removed Pin From Net: NetName=GND Pin=U1_STM32最小系统4-38
Removed Pin From Net: NetName=3.3V Pin=U1_STM32最小系统4-39
Removed Pin From Net: NetName=GND Pin=U1_STM32最小系统4-51
Removed Pin From Net: NetName=3.3V Pin=U1_STM32最小系统4-52
Removed Pin From Net: NetName=GND Pin=U1_STM32最小系统4-61
Removed Pin From Net: NetName=3.3V Pin=U1_STM32最小系统4-62
Removed Pin From Net: NetName=3.3V Pin=U1_STM32最小系统4-72
Removed Pin From Net: NetName=GND Pin=U1_STM32最小系统4-83
Removed Pin From Net: NetName=3.3V Pin=U1_STM32最小系统4-84
Removed Pin From Net: NetName=GND Pin=U1_STM32最小系统4-94
Removed Pin From Net: NetName=3.3V Pin=U1_STM32最小系统4-95
Removed Pin From Net: NetName=SWDIO Pin=U1_STM32最小系统4-105
Removed Pin From Net: NetName=GND Pin=U1_STM32最小系统4-107
Removed Pin From Net: NetName=3.3V Pin=U1_STM32最小系统4-108
Removed Pin From Net: NetName=SWCLK Pin=U1_STM32最小系统4-109
Removed Pin From Net: NetName=GND Pin=U1_STM32最小系统4-120
Removed Pin From Net: NetName=3.3V Pin=U1_STM32最小系统4-121
Removed Pin From Net: NetName=GND Pin=U1_STM32最小系统4-130
Removed Pin From Net: NetName=3.3V Pin=U1_STM32最小系统4-131
Removed Pin From Net: NetName=3.3V Pin=U1_STM32最小系统4-143
Removed Pin From Net: NetName=3.3V Pin=U1_STM32最小系统4-144
Removed Pin From Net: NetName=GND Pin=U1_STM32最小系统5-16
Removed Pin From Net: NetName=3.3V Pin=U1_STM32最小系统5-17
Removed Pin From Net: NetName=3.3V Pin=U1_STM32最小系统5-30
Removed Pin From Net: NetName=GND Pin=U1_STM32最小系统5-31
Removed Pin From Net: NetName=3.3V Pin=U1_STM32最小系统5-32
Removed Pin From Net: NetName=3.3V Pin=U1_STM32最小系统5-33
Removed Pin From Net: NetName=A0_STM32最小系统5 Pin=U1_STM32最小系统5-34
Removed Pin From Net: NetName=A1_STM32最小系统5 Pin=U1_STM32最小系统5-35
Removed Pin From Net: NetName=GND Pin=U1_STM32最小系统5-38
Removed Pin From Net: NetName=3.3V Pin=U1_STM32最小系统5-39
Removed Pin From Net: NetName=GND Pin=U1_STM32最小系统5-51
Removed Pin From Net: NetName=3.3V Pin=U1_STM32最小系统5-52
Removed Pin From Net: NetName=GND Pin=U1_STM32最小系统5-61
Removed Pin From Net: NetName=3.3V Pin=U1_STM32最小系统5-62
Removed Pin From Net: NetName=3.3V Pin=U1_STM32最小系统5-72
Removed Pin From Net: NetName=GND Pin=U1_STM32最小系统5-83
Removed Pin From Net: NetName=3.3V Pin=U1_STM32最小系统5-84
Removed Pin From Net: NetName=GND Pin=U1_STM32最小系统5-94
Removed Pin From Net: NetName=3.3V Pin=U1_STM32最小系统5-95
Removed Pin From Net: NetName=SWDIO Pin=U1_STM32最小系统5-105
Removed Pin From Net: NetName=GND Pin=U1_STM32最小系统5-107
Removed Pin From Net: NetName=3.3V Pin=U1_STM32最小系统5-108
Removed Pin From Net: NetName=SWCLK Pin=U1_STM32最小系统5-109
Removed Pin From Net: NetName=GND Pin=U1_STM32最小系统5-120
Removed Pin From Net: NetName=3.3V Pin=U1_STM32最小系统5-121
Removed Pin From Net: NetName=GND Pin=U1_STM32最小系统5-130
Removed Pin From Net: NetName=3.3V Pin=U1_STM32最小系统5-131
Removed Pin From Net: NetName=3.3V Pin=U1_STM32最小系统5-143
Removed Pin From Net: NetName=3.3V Pin=U1_STM32最小系统5-144
Removed Pin From Net: NetName=GND Pin=U1_STM32最小系统6-16
Removed Pin From Net: NetName=3.3V Pin=U1_STM32最小系统6-17
Removed Pin From Net: NetName=3.3V Pin=U1_STM32最小系统6-30
Removed Pin From Net: NetName=GND Pin=U1_STM32最小系统6-31
Removed Pin From Net: NetName=3.3V Pin=U1_STM32最小系统6-32
Removed Pin From Net: NetName=3.3V Pin=U1_STM32最小系统6-33
Removed Pin From Net: NetName=A0_STM32最小系统6 Pin=U1_STM32最小系统6-34
Removed Pin From Net: NetName=A1_STM32最小系统6 Pin=U1_STM32最小系统6-35
Removed Pin From Net: NetName=GND Pin=U1_STM32最小系统6-38
Removed Pin From Net: NetName=3.3V Pin=U1_STM32最小系统6-39
Removed Pin From Net: NetName=GND Pin=U1_STM32最小系统6-51
Removed Pin From Net: NetName=3.3V Pin=U1_STM32最小系统6-52
Removed Pin From Net: NetName=GND Pin=U1_STM32最小系统6-61
Removed Pin From Net: NetName=3.3V Pin=U1_STM32最小系统6-62
Removed Pin From Net: NetName=3.3V Pin=U1_STM32最小系统6-72
Removed Pin From Net: NetName=GND Pin=U1_STM32最小系统6-83
Removed Pin From Net: NetName=3.3V Pin=U1_STM32最小系统6-84
Removed Pin From Net: NetName=GND Pin=U1_STM32最小系统6-94
Removed Pin From Net: NetName=3.3V Pin=U1_STM32最小系统6-95
Removed Pin From Net: NetName=SWDIO Pin=U1_STM32最小系统6-105
Removed Pin From Net: NetName=GND Pin=U1_STM32最小系统6-107
Removed Pin From Net: NetName=3.3V Pin=U1_STM32最小系统6-108
Removed Pin From Net: NetName=SWCLK Pin=U1_STM32最小系统6-109
Removed Pin From Net: NetName=GND Pin=U1_STM32最小系统6-120
Removed Pin From Net: NetName=3.3V Pin=U1_STM32最小系统6-121
Removed Pin From Net: NetName=GND Pin=U1_STM32最小系统6-130
Removed Pin From Net: NetName=3.3V Pin=U1_STM32最小系统6-131
Removed Pin From Net: NetName=3.3V Pin=U1_STM32最小系统6-143
Removed Pin From Net: NetName=3.3V Pin=U1_STM32最小系统6-144
Removed Pin From Net: NetName=GND Pin=U1_STM32最小系统7-16
Removed Pin From Net: NetName=3.3V Pin=U1_STM32最小系统7-17
Removed Pin From Net: NetName=3.3V Pin=U1_STM32最小系统7-30
Removed Pin From Net: NetName=GND Pin=U1_STM32最小系统7-31
Removed Pin From Net: NetName=3.3V Pin=U1_STM32最小系统7-32
Removed Pin From Net: NetName=3.3V Pin=U1_STM32最小系统7-33
Removed Pin From Net: NetName=A0_STM32最小系统7 Pin=U1_STM32最小系统7-34
Removed Pin From Net: NetName=A1_STM32最小系统7 Pin=U1_STM32最小系统7-35
Removed Pin From Net: NetName=GND Pin=U1_STM32最小系统7-38
Removed Pin From Net: NetName=3.3V Pin=U1_STM32最小系统7-39
Removed Pin From Net: NetName=GND Pin=U1_STM32最小系统7-51
Removed Pin From Net: NetName=3.3V Pin=U1_STM32最小系统7-52
Removed Pin From Net: NetName=GND Pin=U1_STM32最小系统7-61
Removed Pin From Net: NetName=3.3V Pin=U1_STM32最小系统7-62
Removed Pin From Net: NetName=3.3V Pin=U1_STM32最小系统7-72
Removed Pin From Net: NetName=GND Pin=U1_STM32最小系统7-83
Removed Pin From Net: NetName=3.3V Pin=U1_STM32最小系统7-84
Removed Pin From Net: NetName=GND Pin=U1_STM32最小系统7-94
Removed Pin From Net: NetName=3.3V Pin=U1_STM32最小系统7-95
Removed Pin From Net: NetName=SWDIO Pin=U1_STM32最小系统7-105
Removed Pin From Net: NetName=GND Pin=U1_STM32最小系统7-107
Removed Pin From Net: NetName=3.3V Pin=U1_STM32最小系统7-108
Removed Pin From Net: NetName=SWCLK Pin=U1_STM32最小系统7-109
Removed Pin From Net: NetName=GND Pin=U1_STM32最小系统7-120
Removed Pin From Net: NetName=3.3V Pin=U1_STM32最小系统7-121
Removed Pin From Net: NetName=GND Pin=U1_STM32最小系统7-130
Removed Pin From Net: NetName=3.3V Pin=U1_STM32最小系统7-131
Removed Pin From Net: NetName=3.3V Pin=U1_STM32最小系统7-143
Removed Pin From Net: NetName=3.3V Pin=U1_STM32最小系统7-144
Removed Pin From Net: NetName=GND Pin=U1_STM32最小系统8-16
Removed Pin From Net: NetName=3.3V Pin=U1_STM32最小系统8-17
Removed Pin From Net: NetName=3.3V Pin=U1_STM32最小系统8-30
Removed Pin From Net: NetName=GND Pin=U1_STM32最小系统8-31
Removed Pin From Net: NetName=3.3V Pin=U1_STM32最小系统8-32
Removed Pin From Net: NetName=3.3V Pin=U1_STM32最小系统8-33
Removed Pin From Net: NetName=A0_STM32最小系统8 Pin=U1_STM32最小系统8-34
Removed Pin From Net: NetName=A1_STM32最小系统8 Pin=U1_STM32最小系统8-35
Removed Pin From Net: NetName=GND Pin=U1_STM32最小系统8-38
Removed Pin From Net: NetName=3.3V Pin=U1_STM32最小系统8-39
Removed Pin From Net: NetName=GND Pin=U1_STM32最小系统8-51
Removed Pin From Net: NetName=3.3V Pin=U1_STM32最小系统8-52
Removed Pin From Net: NetName=GND Pin=U1_STM32最小系统8-61
Removed Pin From Net: NetName=3.3V Pin=U1_STM32最小系统8-62
Removed Pin From Net: NetName=3.3V Pin=U1_STM32最小系统8-72
Removed Pin From Net: NetName=GND Pin=U1_STM32最小系统8-83
Removed Pin From Net: NetName=3.3V Pin=U1_STM32最小系统8-84
Removed Pin From Net: NetName=GND Pin=U1_STM32最小系统8-94
Removed Pin From Net: NetName=3.3V Pin=U1_STM32最小系统8-95
Removed Pin From Net: NetName=SWDIO Pin=U1_STM32最小系统8-105
Removed Pin From Net: NetName=GND Pin=U1_STM32最小系统8-107
Removed Pin From Net: NetName=3.3V Pin=U1_STM32最小系统8-108
Removed Pin From Net: NetName=SWCLK Pin=U1_STM32最小系统8-109
Removed Pin From Net: NetName=GND Pin=U1_STM32最小系统8-120
Removed Pin From Net: NetName=3.3V Pin=U1_STM32最小系统8-121
Removed Pin From Net: NetName=GND Pin=U1_STM32最小系统8-130
Removed Pin From Net: NetName=3.3V Pin=U1_STM32最小系统8-131
Removed Pin From Net: NetName=3.3V Pin=U1_STM32最小系统8-143
Removed Pin From Net: NetName=3.3V Pin=U1_STM32最小系统8-144
Removed Pin From Net: NetName=GND Pin=U1_STM32最小系统9-16
Removed Pin From Net: NetName=3.3V Pin=U1_STM32最小系统9-17
Removed Pin From Net: NetName=3.3V Pin=U1_STM32最小系统9-30
Removed Pin From Net: NetName=GND Pin=U1_STM32最小系统9-31
Removed Pin From Net: NetName=3.3V Pin=U1_STM32最小系统9-32
Removed Pin From Net: NetName=3.3V Pin=U1_STM32最小系统9-33
Removed Pin From Net: NetName=A0_STM32最小系统9 Pin=U1_STM32最小系统9-34
Removed Pin From Net: NetName=A1_STM32最小系统9 Pin=U1_STM32最小系统9-35
Removed Pin From Net: NetName=GND Pin=U1_STM32最小系统9-38
Removed Pin From Net: NetName=3.3V Pin=U1_STM32最小系统9-39
Removed Pin From Net: NetName=GND Pin=U1_STM32最小系统9-51
Removed Pin From Net: NetName=3.3V Pin=U1_STM32最小系统9-52
Removed Pin From Net: NetName=GND Pin=U1_STM32最小系统9-61
Removed Pin From Net: NetName=3.3V Pin=U1_STM32最小系统9-62
Removed Pin From Net: NetName=3.3V Pin=U1_STM32最小系统9-72
Removed Pin From Net: NetName=GND Pin=U1_STM32最小系统9-83
Removed Pin From Net: NetName=3.3V Pin=U1_STM32最小系统9-84
Removed Pin From Net: NetName=GND Pin=U1_STM32最小系统9-94
Removed Pin From Net: NetName=3.3V Pin=U1_STM32最小系统9-95
Removed Pin From Net: NetName=SWDIO Pin=U1_STM32最小系统9-105
Removed Pin From Net: NetName=GND Pin=U1_STM32最小系统9-107
Removed Pin From Net: NetName=3.3V Pin=U1_STM32最小系统9-108
Removed Pin From Net: NetName=SWCLK Pin=U1_STM32最小系统9-109
Removed Pin From Net: NetName=GND Pin=U1_STM32最小系统9-120
Removed Pin From Net: NetName=3.3V Pin=U1_STM32最小系统9-121
Removed Pin From Net: NetName=GND Pin=U1_STM32最小系统9-130
Removed Pin From Net: NetName=3.3V Pin=U1_STM32最小系统9-131
Removed Pin From Net: NetName=3.3V Pin=U1_STM32最小系统9-143
Removed Pin From Net: NetName=3.3V Pin=U1_STM32最小系统9-144
Removed Pin From Net: NetName=GND Pin=U1_STM32最小系统10-16
Removed Pin From Net: NetName=3.3V Pin=U1_STM32最小系统10-17
Removed Pin From Net: NetName=3.3V Pin=U1_STM32最小系统10-30
Removed Pin From Net: NetName=GND Pin=U1_STM32最小系统10-31
Removed Pin From Net: NetName=3.3V Pin=U1_STM32最小系统10-32
Removed Pin From Net: NetName=3.3V Pin=U1_STM32最小系统10-33
Removed Pin From Net: NetName=A0_STM32最小系统10 Pin=U1_STM32最小系统10-34
Removed Pin From Net: NetName=A1_STM32最小系统10 Pin=U1_STM32最小系统10-35
Removed Pin From Net: NetName=GND Pin=U1_STM32最小系统10-38
Removed Pin From Net: NetName=3.3V Pin=U1_STM32最小系统10-39
Removed Pin From Net: NetName=GND Pin=U1_STM32最小系统10-51
Removed Pin From Net: NetName=3.3V Pin=U1_STM32最小系统10-52
Removed Pin From Net: NetName=GND Pin=U1_STM32最小系统10-61
Removed Pin From Net: NetName=3.3V Pin=U1_STM32最小系统10-62
Removed Pin From Net: NetName=3.3V Pin=U1_STM32最小系统10-72
Removed Pin From Net: NetName=GND Pin=U1_STM32最小系统10-83
Removed Pin From Net: NetName=3.3V Pin=U1_STM32最小系统10-84
Removed Pin From Net: NetName=GND Pin=U1_STM32最小系统10-94
Removed Pin From Net: NetName=3.3V Pin=U1_STM32最小系统10-95
Removed Pin From Net: NetName=SWDIO Pin=U1_STM32最小系统10-105
Removed Pin From Net: NetName=GND Pin=U1_STM32最小系统10-107
Removed Pin From Net: NetName=3.3V Pin=U1_STM32最小系统10-108
Removed Pin From Net: NetName=SWCLK Pin=U1_STM32最小系统10-109
Removed Pin From Net: NetName=GND Pin=U1_STM32最小系统10-120
Removed Pin From Net: NetName=3.3V Pin=U1_STM32最小系统10-121
Removed Pin From Net: NetName=GND Pin=U1_STM32最小系统10-130
Removed Pin From Net: NetName=3.3V Pin=U1_STM32最小系统10-131
Removed Pin From Net: NetName=3.3V Pin=U1_STM32最小系统10-143
Removed Pin From Net: NetName=3.3V Pin=U1_STM32最小系统10-144
Removed Pin From Net: NetName=GND Pin=U1_STM32最小系统11-16
Removed Pin From Net: NetName=3.3V Pin=U1_STM32最小系统11-17
Removed Pin From Net: NetName=3.3V Pin=U1_STM32最小系统11-30
Removed Pin From Net: NetName=GND Pin=U1_STM32最小系统11-31
Removed Pin From Net: NetName=3.3V Pin=U1_STM32最小系统11-32
Removed Pin From Net: NetName=3.3V Pin=U1_STM32最小系统11-33
Removed Pin From Net: NetName=A0_STM32最小系统11 Pin=U1_STM32最小系统11-34
Removed Pin From Net: NetName=A1_STM32最小系统11 Pin=U1_STM32最小系统11-35
Removed Pin From Net: NetName=GND Pin=U1_STM32最小系统11-38
Removed Pin From Net: NetName=3.3V Pin=U1_STM32最小系统11-39
Removed Pin From Net: NetName=GND Pin=U1_STM32最小系统11-51
Removed Pin From Net: NetName=3.3V Pin=U1_STM32最小系统11-52
Removed Pin From Net: NetName=GND Pin=U1_STM32最小系统11-61
Removed Pin From Net: NetName=3.3V Pin=U1_STM32最小系统11-62
Removed Pin From Net: NetName=3.3V Pin=U1_STM32最小系统11-72
Removed Pin From Net: NetName=GND Pin=U1_STM32最小系统11-83
Removed Pin From Net: NetName=3.3V Pin=U1_STM32最小系统11-84
Removed Pin From Net: NetName=GND Pin=U1_STM32最小系统11-94
Removed Pin From Net: NetName=3.3V Pin=U1_STM32最小系统11-95
Removed Pin From Net: NetName=SWDIO Pin=U1_STM32最小系统11-105
Removed Pin From Net: NetName=GND Pin=U1_STM32最小系统11-107
Removed Pin From Net: NetName=3.3V Pin=U1_STM32最小系统11-108
Removed Pin From Net: NetName=SWCLK Pin=U1_STM32最小系统11-109
Removed Pin From Net: NetName=GND Pin=U1_STM32最小系统11-120
Removed Pin From Net: NetName=3.3V Pin=U1_STM32最小系统11-121
Removed Pin From Net: NetName=GND Pin=U1_STM32最小系统11-130
Removed Pin From Net: NetName=3.3V Pin=U1_STM32最小系统11-131
Removed Pin From Net: NetName=3.3V Pin=U1_STM32最小系统11-143
Removed Pin From Net: NetName=3.3V Pin=U1_STM32最小系统11-144
Removed Pin From Net: NetName=GND Pin=U1_STM32最小系统12-16
Removed Pin From Net: NetName=3.3V Pin=U1_STM32最小系统12-17
Removed Pin From Net: NetName=3.3V Pin=U1_STM32最小系统12-30
Removed Pin From Net: NetName=GND Pin=U1_STM32最小系统12-31
Removed Pin From Net: NetName=3.3V Pin=U1_STM32最小系统12-32
Removed Pin From Net: NetName=3.3V Pin=U1_STM32最小系统12-33
Removed Pin From Net: NetName=A0_STM32最小系统12 Pin=U1_STM32最小系统12-34
Removed Pin From Net: NetName=GND Pin=U1_STM32最小系统12-38
Removed Pin From Net: NetName=3.3V Pin=U1_STM32最小系统12-39
Removed Pin From Net: NetName=GND Pin=U1_STM32最小系统12-51
Removed Pin From Net: NetName=3.3V Pin=U1_STM32最小系统12-52
Removed Pin From Net: NetName=GND Pin=U1_STM32最小系统12-61
Removed Pin From Net: NetName=3.3V Pin=U1_STM32最小系统12-62
Removed Pin From Net: NetName=3.3V Pin=U1_STM32最小系统12-72
Removed Pin From Net: NetName=GND Pin=U1_STM32最小系统12-83
Removed Pin From Net: NetName=3.3V Pin=U1_STM32最小系统12-84
Removed Pin From Net: NetName=GND Pin=U1_STM32最小系统12-94
Removed Pin From Net: NetName=3.3V Pin=U1_STM32最小系统12-95
Removed Pin From Net: NetName=SWDIO Pin=U1_STM32最小系统12-105
Removed Pin From Net: NetName=GND Pin=U1_STM32最小系统12-107
Removed Pin From Net: NetName=3.3V Pin=U1_STM32最小系统12-108
Removed Pin From Net: NetName=SWCLK Pin=U1_STM32最小系统12-109
Removed Pin From Net: NetName=GND Pin=U1_STM32最小系统12-120
Removed Pin From Net: NetName=3.3V Pin=U1_STM32最小系统12-121
Removed Pin From Net: NetName=GND Pin=U1_STM32最小系统12-130
Removed Pin From Net: NetName=3.3V Pin=U1_STM32最小系统12-131
Removed Pin From Net: NetName=3.3V Pin=U1_STM32最小系统12-143
Removed Pin From Net: NetName=3.3V Pin=U1_STM32最小系统12-144
Removed Pin From Net: NetName=GND Pin=U1_STM32最小系统13-16
Removed Pin From Net: NetName=3.3V Pin=U1_STM32最小系统13-17
Removed Pin From Net: NetName=3.3V Pin=U1_STM32最小系统13-30
Removed Pin From Net: NetName=GND Pin=U1_STM32最小系统13-31
Removed Pin From Net: NetName=3.3V Pin=U1_STM32最小系统13-32
Removed Pin From Net: NetName=3.3V Pin=U1_STM32最小系统13-33
Removed Pin From Net: NetName=A0_STM32最小系统13 Pin=U1_STM32最小系统13-34
Removed Pin From Net: NetName=GND Pin=U1_STM32最小系统13-38
Removed Pin From Net: NetName=3.3V Pin=U1_STM32最小系统13-39
Removed Pin From Net: NetName=GND Pin=U1_STM32最小系统13-51
Removed Pin From Net: NetName=3.3V Pin=U1_STM32最小系统13-52
Removed Pin From Net: NetName=GND Pin=U1_STM32最小系统13-61
Removed Pin From Net: NetName=3.3V Pin=U1_STM32最小系统13-62
Removed Pin From Net: NetName=3.3V Pin=U1_STM32最小系统13-72
Removed Pin From Net: NetName=GND Pin=U1_STM32最小系统13-83
Removed Pin From Net: NetName=3.3V Pin=U1_STM32最小系统13-84
Removed Pin From Net: NetName=GND Pin=U1_STM32最小系统13-94
Removed Pin From Net: NetName=3.3V Pin=U1_STM32最小系统13-95
Removed Pin From Net: NetName=SWDIO Pin=U1_STM32最小系统13-105
Removed Pin From Net: NetName=GND Pin=U1_STM32最小系统13-107
Removed Pin From Net: NetName=3.3V Pin=U1_STM32最小系统13-108
Removed Pin From Net: NetName=SWCLK Pin=U1_STM32最小系统13-109
Removed Pin From Net: NetName=GND Pin=U1_STM32最小系统13-120
Removed Pin From Net: NetName=3.3V Pin=U1_STM32最小系统13-121
Removed Pin From Net: NetName=GND Pin=U1_STM32最小系统13-130
Removed Pin From Net: NetName=3.3V Pin=U1_STM32最小系统13-131
Removed Pin From Net: NetName=3.3V Pin=U1_STM32最小系统13-143
Removed Pin From Net: NetName=3.3V Pin=U1_STM32最小系统13-144
Removed Member From Class: ClassName=STM32最小系统1 Member=BT1_STM32最小系统1
Removed Member From Class: ClassName=STM32最小系统1 Member=C1_STM32最小系统1
Removed Member From Class: ClassName=STM32最小系统1 Member=C2_STM32最小系统1
Removed Member From Class: ClassName=STM32最小系统1 Member=C3_STM32最小系统1
Removed Member From Class: ClassName=STM32最小系统1 Member=C4_STM32最小系统1
Removed Member From Class: ClassName=STM32最小系统1 Member=C5_STM32最小系统1
Removed Member From Class: ClassName=STM32最小系统1 Member=C6_STM32最小系统1
Removed Member From Class: ClassName=STM32最小系统1 Member=C7_STM32最小系统1
Removed Member From Class: ClassName=STM32最小系统1 Member=C8_STM32最小系统1
Removed Member From Class: ClassName=STM32最小系统1 Member=C9_STM32最小系统1
Removed Member From Class: ClassName=STM32最小系统1 Member=C10_STM32最小系统1
Removed Member From Class: ClassName=STM32最小系统1 Member=D1_STM32最小系统1
Removed Member From Class: ClassName=STM32最小系统1 Member=D2_STM32最小系统1
Removed Member From Class: ClassName=STM32最小系统1 Member=R1_STM32最小系统1
Removed Member From Class: ClassName=STM32最小系统1 Member=R2_STM32最小系统1
Removed Member From Class: ClassName=STM32最小系统1 Member=R3_STM32最小系统1
Removed Member From Class: ClassName=STM32最小系统1 Member=U1_STM32最小系统1
Removed Member From Class: ClassName=STM32最小系统1 Member=X1_STM32最小系统1
Removed Member From Class: ClassName=STM32最小系统1 Member=X2_STM32最小系统1
Added Component: Designator=BT1(BAT-2)
Add component. Clean all parameters for all variants
Add component (AddParameter): Name = "LatestRevisionDate"; Value = "17-Jul-2002"; VariantName = "[No Variations]"
Add component (AddParameter): Name = "LatestRevisionNote"; Value = "Re-released for DXP Platform."; VariantName = "[No Variations]"
Add component (AddParameter): Name = "PackageDescription"; Value = "Battery; 2 Leads"; VariantName = "[No Variations]"
Add component (AddParameter): Name = "PackageReference"; Value = "BAT-2"; VariantName = "[No Variations]"
Add component (AddParameter): Name = "Published"; Value = "24-Mar-1999"; VariantName = "[No Variations]"
Add component (AddParameter): Name = "Publisher"; Value = "Altium Limited"; VariantName = "[No Variations]"
Added Component: Designator=C1(0805_C)
Add component. Clean all parameters for all variants
Add component (AddParameter): Name = "ComponentLink1Description"; Value = "供应商链接"; VariantName = "[No Variations]"
Add component (AddParameter): Name = "ComponentLink1URL"; Value = "http://www.szlcsc.com/product/details_2146.html"; VariantName = "[No Variations]"
Add component (AddParameter): Name = "Package"; Value = "0805"; VariantName = "[No Variations]"
Add component (AddParameter): Name = "Supplier"; Value = "LC"; VariantName = "[No Variations]"
Add component (AddParameter): Name = "SuppliersPartNumber"; Value = "C1794"; VariantName = "[No Variations]"
Added Component: Designator=C2(0805_C)
Add component. Clean all parameters for all variants
Add component (AddParameter): Name = "ComponentLink1Description"; Value = "供应商链接"; VariantName = "[No Variations]"
Add component (AddParameter): Name = "ComponentLink1URL"; Value = "http://www.szlcsc.com/product/details_2146.html"; VariantName = "[No Variations]"
Add component (AddParameter): Name = "Package"; Value = "0805"; VariantName = "[No Variations]"
Add component (AddParameter): Name = "Supplier"; Value = "LC"; VariantName = "[No Variations]"
Add component (AddParameter): Name = "SuppliersPartNumber"; Value = "C1794"; VariantName = "[No Variations]"
Added Component: Designator=C3(0805_C)
Add component. Clean all parameters for all variants
Add component (AddParameter): Name = "ComponentLink1Description"; Value = "供应商链接"; VariantName = "[No Variations]"
Add component (AddParameter): Name = "ComponentLink1URL"; Value = "http://www.szlcsc.com/product/details_50686.html"; VariantName = "[No Variations]"
Add component (AddParameter): Name = "Package"; Value = "0805"; VariantName = "[No Variations]"
Add component (AddParameter): Name = "Supplier"; Value = "LC"; VariantName = "[No Variations]"
Add component (AddParameter): Name = "SuppliersPartNumber"; Value = "C49678"; VariantName = "[No Variations]"
Added Component: Designator=C4(0805_C)
Add component. Clean all parameters for all variants
Add component (AddParameter): Name = "ComponentLink1Description"; Value = "供应商链接"; VariantName = "[No Variations]"
Add component (AddParameter): Name = "ComponentLink1URL"; Value = "http://www.szlcsc.com/product/details_50225.html"; VariantName = "[No Variations]"
Add component (AddParameter): Name = "Package"; Value = "0805"; VariantName = "[No Variations]"
Add component (AddParameter): Name = "Supplier"; Value = "LC"; VariantName = "[No Variations]"
Add component (AddParameter): Name = "SuppliersPartNumber"; Value = "C49217"; VariantName = "[No Variations]"
Added Component: Designator=C5(0805_C)
Add component. Clean all parameters for all variants
Add component (AddParameter): Name = "ComponentLink1Description"; Value = "供应商链接"; VariantName = "[No Variations]"
Add component (AddParameter): Name = "ComponentLink1URL"; Value = "http://www.szlcsc.com/product/details_50225.html"; VariantName = "[No Variations]"
Add component (AddParameter): Name = "Package"; Value = "0805"; VariantName = "[No Variations]"
Add component (AddParameter): Name = "Supplier"; Value = "LC"; VariantName = "[No Variations]"
Add component (AddParameter): Name = "SuppliersPartNumber"; Value = "C49217"; VariantName = "[No Variations]"
Added Component: Designator=C6(0805_C)
Add component. Clean all parameters for all variants
Add component (AddParameter): Name = "ComponentLink1Description"; Value = "供应商链接"; VariantName = "[No Variations]"
Add component (AddParameter): Name = "ComponentLink1URL"; Value = "http://www.szlcsc.com/product/details_16532.html"; VariantName = "[No Variations]"
Add component (AddParameter): Name = "Package"; Value = "0805"; VariantName = "[No Variations]"
Add component (AddParameter): Name = "Supplier"; Value = "LC"; VariantName = "[No Variations]"
Add component (AddParameter): Name = "SuppliersPartNumber"; Value = "C15850"; VariantName = "[No Variations]"
Added Component: Designator=C7(0805_C)
Add component. Clean all parameters for all variants
Add component (AddParameter): Name = "ComponentLink1Description"; Value = "供应商链接"; VariantName = "[No Variations]"
Add component (AddParameter): Name = "ComponentLink1URL"; Value = "http://www.szlcsc.com/product/details_50686.html"; VariantName = "[No Variations]"
Add component (AddParameter): Name = "Package"; Value = "0805"; VariantName = "[No Variations]"
Add component (AddParameter): Name = "Supplier"; Value = "LC"; VariantName = "[No Variations]"
Add component (AddParameter): Name = "SuppliersPartNumber"; Value = "C49678"; VariantName = "[No Variations]"
Added Component: Designator=C8(0805_C)
Add component. Clean all parameters for all variants
Add component (AddParameter): Name = "ComponentLink1Description"; Value = "供应商链接"; VariantName = "[No Variations]"
Add component (AddParameter): Name = "ComponentLink1URL"; Value = "http://www.szlcsc.com/product/details_2146.html"; VariantName = "[No Variations]"
Add component (AddParameter): Name = "Package"; Value = "0805"; VariantName = "[No Variations]"
Add component (AddParameter): Name = "Supplier"; Value = "LC"; VariantName = "[No Variations]"
Add component (AddParameter): Name = "SuppliersPartNumber"; Value = "C1794"; VariantName = "[No Variations]"
Added Component: Designator=C9(0805_C)
Add component. Clean all parameters for all variants
Add component (AddParameter): Name = "ComponentLink1Description"; Value = "供应商链接"; VariantName = "[No Variations]"
Add component (AddParameter): Name = "ComponentLink1URL"; Value = "http://www.szlcsc.com/product/details_2146.html"; VariantName = "[No Variations]"
Add component (AddParameter): Name = "Package"; Value = "0805"; VariantName = "[No Variations]"
Add component (AddParameter): Name = "Supplier"; Value = "LC"; VariantName = "[No Variations]"
Add component (AddParameter): Name = "SuppliersPartNumber"; Value = "C1794"; VariantName = "[No Variations]"
Added Component: Designator=C10(0805_C)
Add component. Clean all parameters for all variants
Add component (AddParameter): Name = "ComponentLink1Description"; Value = "供应商链接"; VariantName = "[No Variations]"
Add component (AddParameter): Name = "ComponentLink1URL"; Value = "http://www.szlcsc.com/product/details_50686.html"; VariantName = "[No Variations]"
Add component (AddParameter): Name = "Package"; Value = "0805"; VariantName = "[No Variations]"
Add component (AddParameter): Name = "Supplier"; Value = "LC"; VariantName = "[No Variations]"
Add component (AddParameter): Name = "SuppliersPartNumber"; Value = "C49678"; VariantName = "[No Variations]"
Added Component: Designator=D1(SOD-123)
Add component. Clean all parameters for all variants
Add component (AddParameter): Name = "ComponentLink1Description"; Value = "供应商链接"; VariantName = "[No Variations]"
Add component (AddParameter): Name = "ComponentLink1URL"; Value = "http://www.szlcsc.com/product/details_9093.html"; VariantName = "[No Variations]"
Add component (AddParameter): Name = "Package"; Value = "SOD-123"; VariantName = "[No Variations]"
Add component (AddParameter): Name = "Supplier"; Value = "LC"; VariantName = "[No Variations]"
Add component (AddParameter): Name = "SuppliersPartNumber"; Value = "C8598"; VariantName = "[No Variations]"
Added Component: Designator=D2(SOD-123)
Add component. Clean all parameters for all variants
Add component (AddParameter): Name = "ComponentLink1Description"; Value = "供应商链接"; VariantName = "[No Variations]"
Add component (AddParameter): Name = "ComponentLink1URL"; Value = "http://www.szlcsc.com/product/details_9093.html"; VariantName = "[No Variations]"
Add component (AddParameter): Name = "Package"; Value = "SOD-123"; VariantName = "[No Variations]"
Add component (AddParameter): Name = "Supplier"; Value = "LC"; VariantName = "[No Variations]"
Add component (AddParameter): Name = "SuppliersPartNumber"; Value = "C8598"; VariantName = "[No Variations]"
Added Component: Designator=R1(0805_R)
Add component. Clean all parameters for all variants
Add component (AddParameter): Name = "ComponentLink1Description"; Value = "供应商链接"; VariantName = "[No Variations]"
Add component (AddParameter): Name = "ComponentLink1URL"; Value = "http://www.szlcsc.com/product/details_18102.html"; VariantName = "[No Variations]"
Add component (AddParameter): Name = "Package"; Value = "0805"; VariantName = "[No Variations]"
Add component (AddParameter): Name = "Supplier"; Value = "LC"; VariantName = "[No Variations]"
Add component (AddParameter): Name = "SuppliersPartNumber"; Value = "C17414"; VariantName = "[No Variations]"
Added Component: Designator=R2(0805_R)
Add component. Clean all parameters for all variants
Add component (AddParameter): Name = "ComponentLink1Description"; Value = "供应商链接"; VariantName = "[No Variations]"
Add component (AddParameter): Name = "ComponentLink1URL"; Value = "http://www.szlcsc.com/product/details_18102.html"; VariantName = "[No Variations]"
Add component (AddParameter): Name = "Package"; Value = "0805"; VariantName = "[No Variations]"
Add component (AddParameter): Name = "Supplier"; Value = "LC"; VariantName = "[No Variations]"
Add component (AddParameter): Name = "SuppliersPartNumber"; Value = "C17414"; VariantName = "[No Variations]"
Added Component: Designator=R3(0805_R)
Add component. Clean all parameters for all variants
Add component (AddParameter): Name = "ComponentLink1Description"; Value = "供应商链接"; VariantName = "[No Variations]"
Add component (AddParameter): Name = "ComponentLink1URL"; Value = "http://www.szlcsc.com/product/details_18102.html"; VariantName = "[No Variations]"
Add component (AddParameter): Name = "Package"; Value = "0805"; VariantName = "[No Variations]"
Add component (AddParameter): Name = "Supplier"; Value = "LC"; VariantName = "[No Variations]"
Add component (AddParameter): Name = "SuppliersPartNumber"; Value = "C17414"; VariantName = "[No Variations]"
Added Component: Designator=U1(QFP-144-0.5)
Add component. Clean all parameters for all variants
Add component (AddParameter): Name = "BOM_Manufacturer Part"; Value = ""; VariantName = "[No Variations]"
Add component (AddParameter): Name = "BOM_Supplier"; Value = ""; VariantName = "[No Variations]"
Add component (AddParameter): Name = "BOM_Supplier Part"; Value = ""; VariantName = "[No Variations]"
Add component (AddParameter): Name = "Contributor"; Value = "zheteng1996"; VariantName = "[No Variations]"
Add component (AddParameter): Name = "spicePre"; Value = "U"; VariantName = "[No Variations]"
Add component (AddParameter): Name = "spiceSymbolName"; Value = "STM32F407ZET6"; VariantName = "[No Variations]"
Add component (AddParameter): Name = "timeStamp"; Value = "1467457557"; VariantName = "[No Variations]"
Added Component: Designator=X1(HC49S)
Add component. Clean all parameters for all variants
Added Component: Designator=X2(HC49S)
Add component. Clean all parameters for all variants
Added Pin To Net: NetName=A0_STM32最小系统11 Pin=BT1-1
Added Pin To Net: NetName=GND Pin=BT1-2
Added Pin To Net: NetName=A0_STM32最小系统10 Pin=C1-1
Added Pin To Net: NetName=GND Pin=C1-2
Added Pin To Net: NetName=A0_STM32最小系统9 Pin=C2-1
Added Pin To Net: NetName=GND Pin=C2-2
Added Pin To Net: NetName=GND Pin=C3-1
Added Pin To Net: NetName=A0_STM32最小系统8 Pin=C3-2
Added Pin To Net: NetName=A0_STM32最小系统7 Pin=C4-1
Added Pin To Net: NetName=GND Pin=C4-2
Added Pin To Net: NetName=A0_STM32最小系统6 Pin=C5-1
Added Pin To Net: NetName=GND Pin=C5-2
Added Pin To Net: NetName=GND Pin=C6-1
Added Pin To Net: NetName=3.3V Pin=C6-2
Added Pin To Net: NetName=GND Pin=C7-1
Added Pin To Net: NetName=3.3V Pin=C7-2
Added Pin To Net: NetName=GND Pin=C8-1
Added Pin To Net: NetName=A0_STM32最小系统5 Pin=C8-2
Added Pin To Net: NetName=GND Pin=C9-1
Added Pin To Net: NetName=A0_STM32最小系统4 Pin=C9-2
Added Pin To Net: NetName=GND Pin=C10-1
Added Pin To Net: NetName=A0_STM32最小系统3 Pin=C10-2
Added Pin To Net: NetName=3.3V Pin=D1-1
Added Pin To Net: NetName=A0_STM32最小系统3 Pin=D1-2
Added Pin To Net: NetName=A0_STM32最小系统11 Pin=D2-1
Added Pin To Net: NetName=A0_STM32最小系统3 Pin=D2-2
Added Pin To Net: NetName=GND Pin=R1-1
Added Pin To Net: NetName=A0_STM32最小系统2 Pin=R1-2
Added Pin To Net: NetName=3.3V Pin=R2-1
Added Pin To Net: NetName=A0_STM32最小系统8 Pin=R2-2
Added Pin To Net: NetName=GND Pin=R3-1
Added Pin To Net: NetName=A0_STM32最小系统1 Pin=R3-2
Added Pin To Net: NetName=A0_STM32最小系统3 Pin=U1-6
Added Pin To Net: NetName=A0_STM32最小系统5 Pin=U1-8
Added Pin To Net: NetName=A0_STM32最小系统4 Pin=U1-9
Added Pin To Net: NetName=GND Pin=U1-16
Added Pin To Net: NetName=3.3V Pin=U1-17
Added Pin To Net: NetName=A0_STM32最小系统10 Pin=U1-23
Added Pin To Net: NetName=A0_STM32最小系统9 Pin=U1-24
Added Pin To Net: NetName=A0_STM32最小系统8 Pin=U1-25
Added Pin To Net: NetName=3.3V Pin=U1-30
Added Pin To Net: NetName=GND Pin=U1-31
Added Pin To Net: NetName=3.3V Pin=U1-32
Added Pin To Net: NetName=3.3V Pin=U1-33
Added Pin To Net: NetName=A1_STM32最小系统11 Pin=U1-34
Added Pin To Net: NetName=A1_STM32最小系统10 Pin=U1-35
Added Pin To Net: NetName=A1_STM32最小系统9 Pin=U1-36
Added Pin To Net: NetName=A1_STM32最小系统8 Pin=U1-37
Added Pin To Net: NetName=GND Pin=U1-38
Added Pin To Net: NetName=3.3V Pin=U1-39
Added Pin To Net: NetName=A1_STM32最小系统7 Pin=U1-40
Added Pin To Net: NetName=A1_STM32最小系统6 Pin=U1-41
Added Pin To Net: NetName=A1_STM32最小系统5 Pin=U1-42
Added Pin To Net: NetName=A1_STM32最小系统4 Pin=U1-43
Added Pin To Net: NetName=A0_STM32最小系统2 Pin=U1-48
Added Pin To Net: NetName=GND Pin=U1-51
Added Pin To Net: NetName=3.3V Pin=U1-52
Added Pin To Net: NetName=GND Pin=U1-61
Added Pin To Net: NetName=3.3V Pin=U1-62
Added Pin To Net: NetName=A0_STM32最小系统7 Pin=U1-71
Added Pin To Net: NetName=3.3V Pin=U1-72
Added Pin To Net: NetName=GND Pin=U1-83
Added Pin To Net: NetName=3.3V Pin=U1-84
Added Pin To Net: NetName=GND Pin=U1-94
Added Pin To Net: NetName=3.3V Pin=U1-95
Added Pin To Net: NetName=A1_STM32最小系统3 Pin=U1-100
Added Pin To Net: NetName=A1_STM32最小系统2 Pin=U1-101
Added Pin To Net: NetName=A1_STM32最小系统1 Pin=U1-102
Added Pin To Net: NetName=A0_STM32最小系统13 Pin=U1-103
Added Pin To Net: NetName=A0_STM32最小系统12 Pin=U1-104
Added Pin To Net: NetName=SWDIO Pin=U1-105
Added Pin To Net: NetName=A0_STM32最小系统6 Pin=U1-106
Added Pin To Net: NetName=GND Pin=U1-107
Added Pin To Net: NetName=3.3V Pin=U1-108
Added Pin To Net: NetName=SWCLK Pin=U1-109
Added Pin To Net: NetName=GND Pin=U1-120
Added Pin To Net: NetName=3.3V Pin=U1-121
Added Pin To Net: NetName=GND Pin=U1-130
Added Pin To Net: NetName=3.3V Pin=U1-131
Added Pin To Net: NetName=A0_STM32最小系统1 Pin=U1-138
Added Pin To Net: NetName=3.3V Pin=U1-143
Added Pin To Net: NetName=3.3V Pin=U1-144
Added Pin To Net: NetName=A0_STM32最小系统10 Pin=X1-1
Added Pin To Net: NetName=A0_STM32最小系统9 Pin=X1-2
Added Pin To Net: NetName=A0_STM32最小系统5 Pin=X2-1
Added Pin To Net: NetName=A0_STM32最小系统4 Pin=X2-2
Change Net Name : Old Net Name=A0_STM32最小系统1 New Net Name=NetR3_2
Change Net Name : Old Net Name=A0_STM32最小系统2 New Net Name=NetR1_2
Change Net Name : Old Net Name=A0_STM32最小系统3 New Net Name=NetC10_2
Change Net Name : Old Net Name=A0_STM32最小系统4 New Net Name=NetC9_2
Change Net Name : Old Net Name=A0_STM32最小系统5 New Net Name=NetC8_2
Change Net Name : Old Net Name=A0_STM32最小系统6 New Net Name=NetC5_1
Change Net Name : Old Net Name=A0_STM32最小系统7 New Net Name=NetC4_1
Change Net Name : Old Net Name=A0_STM32最小系统8 New Net Name=NetC3_2
Change Net Name : Old Net Name=A0_STM32最小系统9 New Net Name=NetC2_1
Change Net Name : Old Net Name=A0_STM32最小系统10 New Net Name=NetC1_1
Change Net Name : Old Net Name=A0_STM32最小系统11 New Net Name=NetBT1_1
Change Net Name : Old Net Name=A0_STM32最小系统12 New Net Name=A12
Change Net Name : Old Net Name=A0_STM32最小系统13 New Net Name=A11
Change Net Name : Old Net Name=A1_STM32最小系统1 New Net Name=A10
Change Net Name : Old Net Name=A1_STM32最小系统2 New Net Name=A9
Change Net Name : Old Net Name=A1_STM32最小系统3 New Net Name=A8
Change Net Name : Old Net Name=A1_STM32最小系统4 New Net Name=A7
Change Net Name : Old Net Name=A1_STM32最小系统5 New Net Name=A6
Change Net Name : Old Net Name=A1_STM32最小系统6 New Net Name=A5
Change Net Name : Old Net Name=A1_STM32最小系统7 New Net Name=A4
Change Net Name : Old Net Name=A1_STM32最小系统8 New Net Name=A3
Change Net Name : Old Net Name=A1_STM32最小系统9 New Net Name=A2
Change Net Name : Old Net Name=A1_STM32最小系统10 New Net Name=A1
Change Net Name : Old Net Name=A1_STM32最小系统11 New Net Name=A0
Change Class Name : Old Net Name=STM32最小系统1 New Net Name=U_STM32最小系统
Added Class: Name=A[0..12]
Added Member To Class: ClassName=U_STM32最小系统 Member=Component BT1 Battery
Added Member To Class: ClassName=U_STM32最小系统 Member=Component C1 15pF (150) 5% 50V
Added Member To Class: ClassName=U_STM32最小系统 Member=Component C2 15pF (150) 5% 50V
Added Member To Class: ClassName=U_STM32最小系统 Member=Component C3 100nF(104) 
Added Member To Class: ClassName=U_STM32最小系统 Member=Component C4 2.2uF 
Added Member To Class: ClassName=U_STM32最小系统 Member=Component C5 2.2uF 
Added Member To Class: ClassName=U_STM32最小系统 Member=Component C6 10uF 
Added Member To Class: ClassName=U_STM32最小系统 Member=Component C7 100nF(104) 
Added Member To Class: ClassName=U_STM32最小系统 Member=Component C8 15pF (150) 5% 50V
Added Member To Class: ClassName=U_STM32最小系统 Member=Component C9 15pF (150) 5% 50V
Added Member To Class: ClassName=U_STM32最小系统 Member=Component C10 100nF(104) 
Added Member To Class: ClassName=U_STM32最小系统 Member=Component D1 1n4148
Added Member To Class: ClassName=U_STM32最小系统 Member=Component D2 1n4148
Added Member To Class: ClassName=U_STM32最小系统 Member=Component R1 10KΩ (1002) ±1%
Added Member To Class: ClassName=U_STM32最小系统 Member=Component R2 10KΩ (1002) ±1%
Added Member To Class: ClassName=U_STM32最小系统 Member=Component R3 10KΩ (1002) ±1%
Added Member To Class: ClassName=U_STM32最小系统 Member=Component U1 STM32F407ZET6
Added Member To Class: ClassName=U_STM32最小系统 Member=Component X1 8M
Added Member To Class: ClassName=U_STM32最小系统 Member=Component X2 32.768k
Added Room: Name=U_STM32最小系统
Added Room: Name=总图
