Removed Pin From Net: NetName=GND Pin=C65-1
Removed Pin From Net: NetName=5V Pin=C65-2
Removed Pin From Net: NetName=GND Pin=J51-1
Removed Pin From Net: NetName=GND Pin=J52-1
Removed Pin From Net: NetName=GND Pin=J53-1
Removed Pin From Net: NetName=GND Pin=J54-1
Removed Pin From Net: NetName=GND Pin=PH3-3
Removed Pin From Net: NetName=D5 Pin=PH3-4
Removed Pin From Net: NetName=GND Pin=PH4-3
Removed Pin From Net: NetName=D6 Pin=PH4-4
Removed Pin From Net: NetName=12V Pin=R100-1
Removed Pin From Net: NetName=12V Pin=R103-1
Removed Pin From Net: NetName=A5 Pin=R104-2
Removed Pin From Net: NetName=GND Pin=R106-1
Removed Pin From Net: NetName=A6 Pin=R107-2
Removed Pin From Net: NetName=GND Pin=R110-1
Removed Pin From Net: NetName=5V Pin=U31-4
Removed Pin From Net: NetName=GND Pin=U31-8
Removed Member From Class: ClassName=U_光耦输入&AD输入 Member=C65
Removed Member From Class: ClassName=U_光耦输入&AD输入 Member=D35
Removed Member From Class: ClassName=U_光耦输入&AD输入 Member=D36
Removed Member From Class: ClassName=U_光耦输入&AD输入 Member=J51
Removed Member From Class: ClassName=U_光耦输入&AD输入 Member=J52
Removed Member From Class: ClassName=U_光耦输入&AD输入 Member=J53
Removed Member From Class: ClassName=U_光耦输入&AD输入 Member=J54
Removed Member From Class: ClassName=U_光耦输入&AD输入 Member=PH3
Removed Member From Class: ClassName=U_光耦输入&AD输入 Member=PH4
Removed Member From Class: ClassName=U_光耦输入&AD输入 Member=R100
Removed Member From Class: ClassName=U_光耦输入&AD输入 Member=R102
Removed Member From Class: ClassName=U_光耦输入&AD输入 Member=R103
Removed Member From Class: ClassName=U_光耦输入&AD输入 Member=R104
Removed Member From Class: ClassName=U_光耦输入&AD输入 Member=R105
Removed Member From Class: ClassName=U_光耦输入&AD输入 Member=R106
Removed Member From Class: ClassName=U_光耦输入&AD输入 Member=R107
Removed Member From Class: ClassName=U_光耦输入&AD输入 Member=R108
Removed Member From Class: ClassName=U_光耦输入&AD输入 Member=R109
Removed Member From Class: ClassName=U_光耦输入&AD输入 Member=R110
Removed Member From Class: ClassName=U_光耦输入&AD输入 Member=U31
