Removed Pin From Net: NetName=INPUT1_L Pin=C49-1
Removed Pin From Net: NetName=INPUT1_H Pin=C49-2
Removed Pin From Net: NetName=INPUT1_L Pin=C50-1
Removed Pin From Net: NetName=5V Pin=C50-2
Removed Pin From Net: NetName=INPUT1_L Pin=C51-1
Removed Pin From Net: NetName=INPUT1_H Pin=C51-2
Removed Pin From Net: NetName=INPUT1_L Pin=C52-1
Removed Pin From Net: NetName=5V Pin=C52-2
Removed Pin From Net: NetName=NetD11_1 Pin=D11-1
Removed Pin From Net: NetName=INPUT1_H Pin=D11-2
Removed Pin From Net: NetName=NetD12_1 Pin=D12-1
Removed Pin From Net: NetName=INPUT1_H Pin=D12-2
Removed Pin From Net: NetName=NetD13_1 Pin=D13-1
Removed Pin From Net: NetName=INPUT1_H Pin=D13-2
Removed Pin From Net: NetName=NetD14_1 Pin=D14-1
Removed Pin From Net: NetName=INPUT1_H Pin=D14-2
Removed Pin From Net: NetName=INPUT1_L Pin=D15-1
Removed Pin From Net: NetName=NetD11_1 Pin=D15-2
Removed Pin From Net: NetName=INPUT1_L Pin=D16-1
Removed Pin From Net: NetName=NetD12_1 Pin=D16-2
Removed Pin From Net: NetName=INPUT1_L Pin=D17-1
Removed Pin From Net: NetName=NetD13_1 Pin=D17-2
Removed Pin From Net: NetName=INPUT1_L Pin=D18-1
Removed Pin From Net: NetName=NetD14_1 Pin=D18-2
Removed Pin From Net: NetName=NetD19_1 Pin=D19-1
Removed Pin From Net: NetName=INPUT1_H Pin=D19-2
Removed Pin From Net: NetName=NetD20_1 Pin=D20-1
Removed Pin From Net: NetName=INPUT1_H Pin=D20-2
Removed Pin From Net: NetName=INPUT1_H Pin=D21-2
Removed Pin From Net: NetName=INPUT1_H Pin=D22-2
Removed Pin From Net: NetName=INPUT1_L Pin=D23-1
Removed Pin From Net: NetName=INPUT1_L Pin=D24-1
Removed Pin From Net: NetName=INPUT1_L Pin=D25-1
Removed Pin From Net: NetName=INPUT1_L Pin=D26-1
Removed Pin From Net: NetName=NetD11_1 Pin=J6-1
Removed Pin From Net: NetName=NetD12_1 Pin=J6-2
Removed Pin From Net: NetName=NetD13_1 Pin=J6-3
Removed Pin From Net: NetName=NetD19_1 Pin=J7-1
Removed Pin From Net: NetName=NetD20_1 Pin=J7-2
Removed Pin From Net: NetName=INPUT1_L Pin=Q1-2
Removed Pin From Net: NetName=INPUT1_L Pin=Q2-2
Removed Pin From Net: NetName=INPUT1_L Pin=Q3-2
Removed Pin From Net: NetName=INPUT1_L Pin=Q4-2
Removed Pin From Net: NetName=5V Pin=R35-1
Removed Pin From Net: NetName=5V Pin=R36-2
Removed Pin From Net: NetName=B14 Pin=R37-2
Removed Pin From Net: NetName=B15 Pin=R38-2
Removed Pin From Net: NetName=5V Pin=R39-1
Removed Pin From Net: NetName=5V Pin=R40-2
Removed Pin From Net: NetName=D11 Pin=R41-2
Removed Pin From Net: NetName=D10 Pin=R42-2
Removed Pin From Net: NetName=INPUT1_L Pin=U12-1
Removed Pin From Net: NetName=NetJ6_4 Pin=U12-2
Removed Pin From Net: NetName=NetD13_1 Pin=U12-3
Removed Pin From Net: NetName=INPUT1_H Pin=U12-4
Removed Pin From Net: NetName=D14 Pin=U12-6
Removed Pin From Net: NetName=B15 Pin=U12-7
Removed Pin From Net: NetName=INPUT1_L Pin=U12-8
Removed Pin From Net: NetName=5V Pin=U12-9
Removed Pin From Net: NetName=D15 Pin=U12-11
Removed Pin From Net: NetName=B14 Pin=U12-12
Removed Pin From Net: NetName=NetD12_1 Pin=U12-13
Removed Pin From Net: NetName=NetD11_1 Pin=U12-14
Removed Pin From Net: NetName=INPUT1_L Pin=U12-15
Removed Pin From Net: NetName=INPUT1_L Pin=U13-1
Removed Pin From Net: NetName=NetJ7_4 Pin=U13-2
Removed Pin From Net: NetName=INPUT1_H Pin=U13-4
Removed Pin From Net: NetName=D12 Pin=U13-6
Removed Pin From Net: NetName=D10 Pin=U13-7
Removed Pin From Net: NetName=INPUT1_L Pin=U13-8
Removed Pin From Net: NetName=5V Pin=U13-9
Removed Pin From Net: NetName=D13 Pin=U13-11
Removed Pin From Net: NetName=D11 Pin=U13-12
Removed Pin From Net: NetName=NetD20_1 Pin=U13-13
Removed Pin From Net: NetName=NetD19_1 Pin=U13-14
Removed Pin From Net: NetName=INPUT1_L Pin=U13-15
Removed Member From Class: ClassName=U_电机驱动&步进电机驱动 Member=C49
Removed Member From Class: ClassName=U_电机驱动&步进电机驱动 Member=C50
Removed Member From Class: ClassName=U_电机驱动&步进电机驱动 Member=C51
Removed Member From Class: ClassName=U_电机驱动&步进电机驱动 Member=C52
Removed Member From Class: ClassName=U_电机驱动&步进电机驱动 Member=D11
Removed Member From Class: ClassName=U_电机驱动&步进电机驱动 Member=D12
Removed Member From Class: ClassName=U_电机驱动&步进电机驱动 Member=D13
Removed Member From Class: ClassName=U_电机驱动&步进电机驱动 Member=D14
Removed Member From Class: ClassName=U_电机驱动&步进电机驱动 Member=D15
Removed Member From Class: ClassName=U_电机驱动&步进电机驱动 Member=D16
Removed Member From Class: ClassName=U_电机驱动&步进电机驱动 Member=D17
Removed Member From Class: ClassName=U_电机驱动&步进电机驱动 Member=D18
Removed Member From Class: ClassName=U_电机驱动&步进电机驱动 Member=D19
Removed Member From Class: ClassName=U_电机驱动&步进电机驱动 Member=D20
Removed Member From Class: ClassName=U_电机驱动&步进电机驱动 Member=D21
Removed Member From Class: ClassName=U_电机驱动&步进电机驱动 Member=D22
Removed Member From Class: ClassName=U_电机驱动&步进电机驱动 Member=D23
Removed Member From Class: ClassName=U_电机驱动&步进电机驱动 Member=D24
Removed Member From Class: ClassName=U_电机驱动&步进电机驱动 Member=D25
Removed Member From Class: ClassName=U_电机驱动&步进电机驱动 Member=D26
Removed Member From Class: ClassName=U_电机驱动&步进电机驱动 Member=Q1
Removed Member From Class: ClassName=U_电机驱动&步进电机驱动 Member=Q2
Removed Member From Class: ClassName=U_电机驱动&步进电机驱动 Member=Q3
Removed Member From Class: ClassName=U_电机驱动&步进电机驱动 Member=Q4
Removed Member From Class: ClassName=U_电机驱动&步进电机驱动 Member=R35
Removed Member From Class: ClassName=U_电机驱动&步进电机驱动 Member=R36
Removed Member From Class: ClassName=U_电机驱动&步进电机驱动 Member=R37
Removed Member From Class: ClassName=U_电机驱动&步进电机驱动 Member=R38
Removed Member From Class: ClassName=U_电机驱动&步进电机驱动 Member=R39
Removed Member From Class: ClassName=U_电机驱动&步进电机驱动 Member=R40
Removed Member From Class: ClassName=U_电机驱动&步进电机驱动 Member=R41
Removed Member From Class: ClassName=U_电机驱动&步进电机驱动 Member=R42
Removed Member From Class: ClassName=U_电机驱动&步进电机驱动 Member=U12
Removed Member From Class: ClassName=U_电机驱动&步进电机驱动 Member=U13
Added Component: Designator=l3(L298N_MINI)
Add component. Clean all parameters for all variants
Added Component: Designator=l4(L298N_MINI)
Add component. Clean all parameters for all variants
Added Pin To Net: NetName=NetD14_1 Pin=J6-1
Added Pin To Net: NetName=NetD19_1 Pin=J6-2
Added Pin To Net: NetName=NetD11_1 Pin=J6-3
Added Pin To Net: NetName=NetD13_1 Pin=J7-1
Added Pin To Net: NetName=NetD12_1 Pin=J7-2
Added Pin To Net: NetName=NetD20_1 Pin=J7-3
Added Pin To Net: NetName=9V Pin=l3-1
Added Pin To Net: NetName=INPUT1_L Pin=l3-2
Added Pin To Net: NetName=D14 Pin=l3-3
Added Pin To Net: NetName=D15 Pin=l3-4
Added Pin To Net: NetName=D12 Pin=l3-5
Added Pin To Net: NetName=D13 Pin=l3-6
Added Pin To Net: NetName=NetD14_1 Pin=l3-7
Added Pin To Net: NetName=NetD19_1 Pin=l3-8
Added Pin To Net: NetName=NetD11_1 Pin=l3-9
Added Pin To Net: NetName=NetJ6_4 Pin=l3-10
Added Pin To Net: NetName=9V Pin=l4-1
Added Pin To Net: NetName=B14 Pin=l4-3
Added Pin To Net: NetName=B15 Pin=l4-4
Added Pin To Net: NetName=D11 Pin=l4-5
Added Pin To Net: NetName=D10 Pin=l4-6
Added Pin To Net: NetName=NetD13_1 Pin=l4-7
Added Pin To Net: NetName=NetD12_1 Pin=l4-8
Added Pin To Net: NetName=NetD20_1 Pin=l4-9
Added Pin To Net: NetName=NetJ7_4 Pin=l4-10
Change Net Name : Old Net Name=NetD11_1 New Net Name=NetJ6_3
Change Net Name : Old Net Name=NetD12_1 New Net Name=NetJ7_2
Change Net Name : Old Net Name=NetD13_1 New Net Name=NetJ7_1
Change Net Name : Old Net Name=NetD14_1 New Net Name=NetJ6_1
Change Net Name : Old Net Name=NetD19_1 New Net Name=NetJ6_2
Change Net Name : Old Net Name=NetD20_1 New Net Name=NetJ7_3
Added Member To Class: ClassName=U_电机驱动&步进电机驱动 Member=Component l3 
Added Member To Class: ClassName=U_电机驱动&步进电机驱动 Member=Component l4 
